[0.406s] Invoking command in '/home/fairytale/ros2_ws/src/munna_teleop': PYTHONPATH=/home/fairytale/ros2_ws/build/munna_teleop/prefix_override:/usr/lib/python3/dist-packages/colcon_core/task/python/colcon_distutils_commands:/home/fairytale/ros2_ws/install/munna_teleop/lib/python3.10/site-packages:${PYTHONPATH} /usr/bin/python3 -W ignore:setup.py install is deprecated -W ignore:easy_install command is deprecated setup.py egg_info --egg-base ../../build/munna_teleop build --build-base /home/fairytale/ros2_ws/build/munna_teleop/build install --record /home/fairytale/ros2_ws/build/munna_teleop/install.log --single-version-externally-managed install_data
[0.563s] running egg_info
[0.564s] writing ../../build/munna_teleop/munna_teleop.egg-info/PKG-INFO
[0.564s] writing dependency_links to ../../build/munna_teleop/munna_teleop.egg-info/dependency_links.txt
[0.564s] writing entry points to ../../build/munna_teleop/munna_teleop.egg-info/entry_points.txt
[0.564s] writing requirements to ../../build/munna_teleop/munna_teleop.egg-info/requires.txt
[0.564s] writing top-level names to ../../build/munna_teleop/munna_teleop.egg-info/top_level.txt
[0.565s] reading manifest file '../../build/munna_teleop/munna_teleop.egg-info/SOURCES.txt'
[0.565s] adding license file 'LICENSE'
[0.566s] writing manifest file '../../build/munna_teleop/munna_teleop.egg-info/SOURCES.txt'
[0.566s] running build
[0.566s] running build_py
[0.566s] copying munna_teleop/autonomous_node.py -> /home/fairytale/ros2_ws/build/munna_teleop/build/lib/munna_teleop
[0.566s] running install
[0.566s] running install_lib
[0.567s] copying /home/fairytale/ros2_ws/build/munna_teleop/build/lib/munna_teleop/autonomous_node.py -> /home/fairytale/ros2_ws/install/munna_teleop/lib/python3.10/site-packages/munna_teleop
[0.567s] byte-compiling /home/fairytale/ros2_ws/install/munna_teleop/lib/python3.10/site-packages/munna_teleop/autonomous_node.py to autonomous_node.cpython-310.pyc
[0.568s] running install_data
[0.568s] running install_egg_info
[0.570s] removing '/home/fairytale/ros2_ws/install/munna_teleop/lib/python3.10/site-packages/munna_teleop-0.1.0-py3.10.egg-info' (and everything under it)
[0.570s] Copying ../../build/munna_teleop/munna_teleop.egg-info to /home/fairytale/ros2_ws/install/munna_teleop/lib/python3.10/site-packages/munna_teleop-0.1.0-py3.10.egg-info
[0.570s] running install_scripts
[0.584s] Installing autonomous_node script to /home/fairytale/ros2_ws/install/munna_teleop/lib/munna_teleop
[0.584s] Installing mode_manager script to /home/fairytale/ros2_ws/install/munna_teleop/lib/munna_teleop
[0.584s] Installing teleop_node script to /home/fairytale/ros2_ws/install/munna_teleop/lib/munna_teleop
[0.585s] writing list of installed files to '/home/fairytale/ros2_ws/build/munna_teleop/install.log'
[0.602s] Invoked command in '/home/fairytale/ros2_ws/src/munna_teleop' returned '0': PYTHONPATH=/home/fairytale/ros2_ws/build/munna_teleop/prefix_override:/usr/lib/python3/dist-packages/colcon_core/task/python/colcon_distutils_commands:/home/fairytale/ros2_ws/install/munna_teleop/lib/python3.10/site-packages:${PYTHONPATH} /usr/bin/python3 -W ignore:setup.py install is deprecated -W ignore:easy_install command is deprecated setup.py egg_info --egg-base ../../build/munna_teleop build --build-base /home/fairytale/ros2_ws/build/munna_teleop/build install --record /home/fairytale/ros2_ws/build/munna_teleop/install.log --single-version-externally-managed install_data
