/home/fairytale/ros2_ws/src/munna_teleop/install/munna_teleop/lib/python3.10/site-packages/munna_teleop/autonomous_node.py
/home/fairytale/ros2_ws/src/munna_teleop/install/munna_teleop/lib/python3.10/site-packages/munna_teleop/__init__.py
/home/fairytale/ros2_ws/src/munna_teleop/install/munna_teleop/lib/python3.10/site-packages/munna_teleop/mode_manager.py
/home/fairytale/ros2_ws/src/munna_teleop/install/munna_teleop/lib/python3.10/site-packages/munna_teleop/teleop_node.py
/home/fairytale/ros2_ws/src/munna_teleop/install/munna_teleop/lib/python3.10/site-packages/munna_teleop/__pycache__/autonomous_node.cpython-310.pyc
/home/fairytale/ros2_ws/src/munna_teleop/install/munna_teleop/lib/python3.10/site-packages/munna_teleop/__pycache__/__init__.cpython-310.pyc
/home/fairytale/ros2_ws/src/munna_teleop/install/munna_teleop/lib/python3.10/site-packages/munna_teleop/__pycache__/mode_manager.cpython-310.pyc
/home/fairytale/ros2_ws/src/munna_teleop/install/munna_teleop/lib/python3.10/site-packages/munna_teleop/__pycache__/teleop_node.cpython-310.pyc
/home/fairytale/ros2_ws/src/munna_teleop/install/munna_teleop/share/ament_index/resource_index/packages/munna_teleop
/home/fairytale/ros2_ws/src/munna_teleop/install/munna_teleop/share/munna_teleop/package.xml
/home/fairytale/ros2_ws/src/munna_teleop/install/munna_teleop/share/munna_teleop/launch/munna_teleop.launch.py
/home/fairytale/ros2_ws/src/munna_teleop/install/munna_teleop/lib/python3.10/site-packages/munna_teleop-0.1.0-py3.10.egg-info/requires.txt
/home/fairytale/ros2_ws/src/munna_teleop/install/munna_teleop/lib/python3.10/site-packages/munna_teleop-0.1.0-py3.10.egg-info/top_level.txt
/home/fairytale/ros2_ws/src/munna_teleop/install/munna_teleop/lib/python3.10/site-packages/munna_teleop-0.1.0-py3.10.egg-info/SOURCES.txt
/home/fairytale/ros2_ws/src/munna_teleop/install/munna_teleop/lib/python3.10/site-packages/munna_teleop-0.1.0-py3.10.egg-info/PKG-INFO
/home/fairytale/ros2_ws/src/munna_teleop/install/munna_teleop/lib/python3.10/site-packages/munna_teleop-0.1.0-py3.10.egg-info/zip-safe
/home/fairytale/ros2_ws/src/munna_teleop/install/munna_teleop/lib/python3.10/site-packages/munna_teleop-0.1.0-py3.10.egg-info/dependency_links.txt
/home/fairytale/ros2_ws/src/munna_teleop/install/munna_teleop/lib/python3.10/site-packages/munna_teleop-0.1.0-py3.10.egg-info/entry_points.txt
/home/fairytale/ros2_ws/src/munna_teleop/install/munna_teleop/lib/munna_teleop/autonomous_node
/home/fairytale/ros2_ws/src/munna_teleop/install/munna_teleop/lib/munna_teleop/mode_manager
/home/fairytale/ros2_ws/src/munna_teleop/install/munna_teleop/lib/munna_teleop/teleop_node
