[0.643s] Invoking command in '/home/fairytale/ros2_ws/build/teleop_twist_joy': CMAKE_PREFIX_PATH=/home/fairytale/ros2_ws/install/munna_teleop:/opt/ros/humble /usr/bin/cmake /home/fairytale/ros2_ws/src/teleop_twist_joy -DCMAKE_INSTALL_PREFIX=/home/fairytale/ros2_ws/install/teleop_twist_joy
[1.301s] -- The C compiler identification is GNU 11.4.0
[2.138s] -- The CXX compiler identification is GNU 11.4.0
[2.145s] -- Detecting C compiler ABI info
[2.202s] -- Detecting C compiler ABI info - done
[2.207s] -- Check for working C compiler: /usr/bin/cc - skipped
[2.207s] -- Detecting C compile features
[2.207s] -- Detecting C compile features - done
[2.209s] -- Detecting CXX compiler ABI info
[2.269s] -- Detecting CXX compiler ABI info - done
[2.277s] -- Check for working CXX compiler: /usr/bin/c++ - skipped
[2.277s] -- Detecting CXX compile features
[2.278s] -- Detecting CXX compile features - done
[2.281s] -- Found ament_cmake: 1.3.14 (/opt/ros/humble/share/ament_cmake/cmake)
[2.448s] -- Found Python3: /usr/bin/python3 (found version "3.10.12") found components: Interpreter 
[2.675s] -- Found geometry_msgs: 4.9.1 (/opt/ros/humble/share/geometry_msgs/cmake)
[2.744s] -- Found rosidl_generator_c: 3.1.8 (/opt/ros/humble/share/rosidl_generator_c/cmake)
[2.749s] -- Found rosidl_adapter: 3.1.8 (/opt/ros/humble/share/rosidl_adapter/cmake)
[2.770s] -- Found rosidl_generator_cpp: 3.1.8 (/opt/ros/humble/share/rosidl_generator_cpp/cmake)
[2.795s] -- Using all available rosidl_typesupport_c: rosidl_typesupport_fastrtps_c;rosidl_typesupport_introspection_c
[2.835s] -- Using all available rosidl_typesupport_cpp: rosidl_typesupport_fastrtps_cpp;rosidl_typesupport_introspection_cpp
[2.921s] -- Found rclcpp: 16.0.19 (/opt/ros/humble/share/rclcpp/cmake)
[2.991s] -- Found rmw_implementation_cmake: 6.1.2 (/opt/ros/humble/share/rmw_implementation_cmake/cmake)
[2.998s] -- Found rmw_fastrtps_cpp: 6.2.10 (/opt/ros/humble/share/rmw_fastrtps_cpp/cmake)
[3.128s] -- Found OpenSSL: /usr/lib/x86_64-linux-gnu/libcrypto.so (found version "3.0.2")  
[3.155s] -- Found FastRTPS: /opt/ros/humble/include  
[3.183s] -- Using RMW implementation 'rmw_fastrtps_cpp' as default
[3.196s] -- Looking for pthread.h
[3.314s] -- Looking for pthread.h - found
[3.314s] -- Performing Test CMAKE_HAVE_LIBC_PTHREAD
[3.375s] -- Performing Test CMAKE_HAVE_LIBC_PTHREAD - Success
[3.376s] -- Found Threads: TRUE  
[3.455s] -- Found rclcpp_components: 16.0.19 (/opt/ros/humble/share/rclcpp_components/cmake)
[3.507s] -- Found sensor_msgs: 4.9.1 (/opt/ros/humble/share/sensor_msgs/cmake)
[3.535s] -- Performing Test COMPILER_HAS_HIDDEN_VISIBILITY
[3.591s] -- Performing Test COMPILER_HAS_HIDDEN_VISIBILITY - Success
[3.591s] -- Performing Test COMPILER_HAS_HIDDEN_INLINE_VISIBILITY
[3.648s] -- Performing Test COMPILER_HAS_HIDDEN_INLINE_VISIBILITY - Success
[3.648s] -- Performing Test COMPILER_HAS_DEPRECATED_ATTR
[3.721s] -- Performing Test COMPILER_HAS_DEPRECATED_ATTR - Success
[3.727s] -- Found ament_lint_auto: 0.12.15 (/opt/ros/humble/share/ament_lint_auto/cmake)
[3.807s] -- Found python_cmake_module: 0.10.0 (/opt/ros/humble/share/python_cmake_module/cmake)
[3.826s] -- Found PythonInterp: /usr/bin/python3 (found suitable version "3.10.12", minimum required is "3.6") 
[3.831s] -- Found PythonLibs: /usr/lib/x86_64-linux-gnu/libpython3.10.so (found suitable version "3.10.12", minimum required is "3.5") 
[3.831s] -- Using PYTHON_EXECUTABLE: /usr/bin/python3
[3.831s] -- Using PYTHON_INCLUDE_DIRS: /usr/include/python3.10
[3.831s] -- Using PYTHON_LIBRARIES: /usr/lib/x86_64-linux-gnu/libpython3.10.so
[3.846s] -- Found PythonExtra: .so  
[3.866s] -- Added test 'cppcheck' to perform static code analysis on C / C++ code
[3.867s] -- Configured cppcheck include dirs: /home/fairytale/ros2_ws/src/teleop_twist_joy/include
[3.867s] -- Configured cppcheck exclude dirs and/or files: 
[3.868s] -- Added test 'flake8' to check Python code syntax and style conventions
[3.869s] -- Added test 'lint_cmake' to check CMake code style
[3.870s] -- Added test 'pep257' to check Python code against some of the docstring style conventions in PEP 257
[3.872s] -- Added test 'xmllint' to check XML markup files
[3.878s] -- Configuring done
[3.881s] [33mCMake Warning (dev) at CMakeLists.txt:22 (add_library):
[3.881s]   Policy CMP0115 is not set: Source file extensions must be explicit.  Run
[3.881s]   "cmake --help-policy CMP0115" for policy details.  Use the cmake_policy
[3.881s]   command to set the policy and suppress this warning.
[3.881s] 
[3.881s]   File:
[3.881s] 
[3.881s]     /home/fairytale/ros2_ws/src/teleop_twist_joy/src/teleop_twist_joy.cpp
[3.881s] This warning is for project developers.  Use -Wno-dev to suppress it.
[3.881s] [0m
[3.928s] -- Generating done
[4.066s] -- Build files have been written to: /home/fairytale/ros2_ws/build/teleop_twist_joy
[4.074s] Invoked command in '/home/fairytale/ros2_ws/build/teleop_twist_joy' returned '0': CMAKE_PREFIX_PATH=/home/fairytale/ros2_ws/install/munna_teleop:/opt/ros/humble /usr/bin/cmake /home/fairytale/ros2_ws/src/teleop_twist_joy -DCMAKE_INSTALL_PREFIX=/home/fairytale/ros2_ws/install/teleop_twist_joy
[4.075s] Invoking command in '/home/fairytale/ros2_ws/build/teleop_twist_joy': CMAKE_PREFIX_PATH=/home/fairytale/ros2_ws/install/munna_teleop:/opt/ros/humble /usr/bin/cmake --build /home/fairytale/ros2_ws/build/teleop_twist_joy -- -j16 -l16
[4.115s] [ 25%] [32mBuilding CXX object CMakeFiles/teleop_twist_joy.dir/src/teleop_twist_joy.cpp.o[0m
[10.651s] [ 50%] [32m[1mLinking CXX shared library libteleop_twist_joy.so[0m
[10.986s] [ 50%] Built target teleop_twist_joy
[11.004s] [ 75%] [32mBuilding CXX object CMakeFiles/teleop_twist_joy_node.dir/src/teleop_node.cpp.o[0m
[12.616s] [100%] [32m[1mLinking CXX executable teleop_node[0m
[12.751s] [100%] Built target teleop_twist_joy_node
