[0.951s] Invoking command in '/home/fairytale/ros2_ws/src/munna_teleop': PYTHONPATH=/home/fairytale/ros2_ws/build/munna_teleop/prefix_override:/usr/lib/python3/dist-packages/colcon_core/task/python/colcon_distutils_commands:/home/fairytale/ros2_ws/install/munna_teleop/lib/python3.10/site-packages:${PYTHONPATH} /usr/bin/python3 -W ignore:setup.py install is deprecated -W ignore:easy_install command is deprecated setup.py egg_info --egg-base ../../build/munna_teleop build --build-base /home/fairytale/ros2_ws/build/munna_teleop/build install --record /home/fairytale/ros2_ws/build/munna_teleop/install.log --single-version-externally-managed install_data
[1.115s] running egg_info
[1.115s] writing ../../build/munna_teleop/munna_teleop.egg-info/PKG-INFO
[1.116s] writing dependency_links to ../../build/munna_teleop/munna_teleop.egg-info/dependency_links.txt
[1.116s] writing entry points to ../../build/munna_teleop/munna_teleop.egg-info/entry_points.txt
[1.116s] writing requirements to ../../build/munna_teleop/munna_teleop.egg-info/requires.txt
[1.116s] writing top-level names to ../../build/munna_teleop/munna_teleop.egg-info/top_level.txt
[1.119s] reading manifest file '../../build/munna_teleop/munna_teleop.egg-info/SOURCES.txt'
[1.120s] adding license file 'LICENSE'
[1.120s] writing manifest file '../../build/munna_teleop/munna_teleop.egg-info/SOURCES.txt'
[1.120s] running build
[1.120s] running build_py
[1.120s] copying munna_teleop/teleop_node.py -> /home/fairytale/ros2_ws/build/munna_teleop/build/lib/munna_teleop
[1.121s] running install
[1.121s] running install_lib
[1.121s] copying /home/fairytale/ros2_ws/build/munna_teleop/build/lib/munna_teleop/teleop_node.py -> /home/fairytale/ros2_ws/install/munna_teleop/lib/python3.10/site-packages/munna_teleop
[1.122s] byte-compiling /home/fairytale/ros2_ws/install/munna_teleop/lib/python3.10/site-packages/munna_teleop/teleop_node.py to teleop_node.cpython-310.pyc
[1.123s] running install_data
[1.123s] running install_egg_info
[1.124s] removing '/home/fairytale/ros2_ws/install/munna_teleop/lib/python3.10/site-packages/munna_teleop-0.1.0-py3.10.egg-info' (and everything under it)
[1.124s] Copying ../../build/munna_teleop/munna_teleop.egg-info to /home/fairytale/ros2_ws/install/munna_teleop/lib/python3.10/site-packages/munna_teleop-0.1.0-py3.10.egg-info
[1.125s] running install_scripts
[1.138s] Installing teleop_node script to /home/fairytale/ros2_ws/install/munna_teleop/lib/munna_teleop
[1.138s] writing list of installed files to '/home/fairytale/ros2_ws/build/munna_teleop/install.log'
[1.162s] Invoked command in '/home/fairytale/ros2_ws/src/munna_teleop' returned '0': PYTHONPATH=/home/fairytale/ros2_ws/build/munna_teleop/prefix_override:/usr/lib/python3/dist-packages/colcon_core/task/python/colcon_distutils_commands:/home/fairytale/ros2_ws/install/munna_teleop/lib/python3.10/site-packages:${PYTHONPATH} /usr/bin/python3 -W ignore:setup.py install is deprecated -W ignore:easy_install command is deprecated setup.py egg_info --egg-base ../../build/munna_teleop build --build-base /home/fairytale/ros2_ws/build/munna_teleop/build install --record /home/fairytale/ros2_ws/build/munna_teleop/install.log --single-version-externally-managed install_data
