[0.213s] DEBUG:colcon:Command line arguments: ['/usr/bin/colcon', 'build']
[0.213s] DEBUG:colcon:Parsed command line arguments: Namespace(log_base=None, log_level=None, verb_name='build', build_base='build', install_base='install', merge_install=False, symlink_install=False, test_result_base=None, continue_on_error=False, executor='parallel', parallel_workers=16, event_handlers=None, ignore_user_meta=False, metas=['./colcon.meta'], base_paths=['.'], packages_ignore=None, packages_ignore_regex=None, paths=None, packages_up_to=None, packages_up_to_regex=None, packages_above=None, packages_above_and_dependencies=None, packages_above_depth=None, packages_select_by_dep=None, packages_skip_by_dep=None, packages_skip_up_to=None, packages_select_build_failed=False, packages_skip_build_finished=False, packages_select_test_failures=False, packages_skip_test_passed=False, packages_select=None, packages_skip=None, packages_select_regex=None, packages_skip_regex=None, packages_start=None, packages_end=None, allow_overriding=[], cmake_args=None, cmake_target=None, cmake_target_skip_unavailable=False, cmake_clean_cache=False, cmake_clean_first=False, cmake_force_configure=False, ament_cmake_args=None, catkin_cmake_args=None, catkin_skip_building_tests=False, mixin_files=None, mixin=None, verb_parser=<colcon_mixin.mixin.mixin_argument.MixinArgumentDecorator object at 0x7be79f457130>, verb_extension=<colcon_core.verb.build.BuildVerb object at 0x7be79f456bf0>, main=<bound method BuildVerb.main of <colcon_core.verb.build.BuildVerb object at 0x7be79f456bf0>>, mixin_verb=('build',))
[0.691s] Level 1:colcon.colcon_core.package_discovery:discover_packages(colcon_meta) check parameters
[0.691s] Level 1:colcon.colcon_core.package_discovery:discover_packages(recursive) check parameters
[0.691s] Level 1:colcon.colcon_core.package_discovery:discover_packages(ignore) check parameters
[0.691s] Level 1:colcon.colcon_core.package_discovery:discover_packages(path) check parameters
[0.691s] Level 1:colcon.colcon_core.package_discovery:discover_packages(colcon_meta) discover
[0.691s] Level 1:colcon.colcon_core.package_discovery:discover_packages(recursive) discover
[0.691s] INFO:colcon.colcon_core.package_discovery:Crawling recursively for packages in '/home/fairytale/ros2_ws'
[0.692s] Level 1:colcon.colcon_core.package_identification:_identify(.) by extensions ['ignore', 'ignore_ament_install']
[0.692s] Level 1:colcon.colcon_core.package_identification:_identify(.) by extension 'ignore'
[0.692s] Level 1:colcon.colcon_core.package_identification:_identify(.) by extension 'ignore_ament_install'
[0.692s] Level 1:colcon.colcon_core.package_identification:_identify(.) by extensions ['colcon_pkg']
[0.692s] Level 1:colcon.colcon_core.package_identification:_identify(.) by extension 'colcon_pkg'
[0.692s] Level 1:colcon.colcon_core.package_identification:_identify(.) by extensions ['colcon_meta']
[0.692s] Level 1:colcon.colcon_core.package_identification:_identify(.) by extension 'colcon_meta'
[0.692s] Level 1:colcon.colcon_core.package_identification:_identify(.) by extensions ['ros']
[0.692s] Level 1:colcon.colcon_core.package_identification:_identify(.) by extension 'ros'
[0.715s] Level 1:colcon.colcon_core.package_identification:_identify(.) by extensions ['cmake', 'python']
[0.715s] Level 1:colcon.colcon_core.package_identification:_identify(.) by extension 'cmake'
[0.715s] Level 1:colcon.colcon_core.package_identification:_identify(.) by extension 'python'
[0.715s] Level 1:colcon.colcon_core.package_identification:_identify(.) by extensions ['python_setup_py']
[0.715s] Level 1:colcon.colcon_core.package_identification:_identify(.) by extension 'python_setup_py'
[0.715s] Level 1:colcon.colcon_core.package_identification:_identify(build) by extensions ['ignore', 'ignore_ament_install']
[0.715s] Level 1:colcon.colcon_core.package_identification:_identify(build) by extension 'ignore'
[0.715s] Level 1:colcon.colcon_core.package_identification:_identify(build) ignored
[0.715s] Level 1:colcon.colcon_core.package_identification:_identify(install) by extensions ['ignore', 'ignore_ament_install']
[0.715s] Level 1:colcon.colcon_core.package_identification:_identify(install) by extension 'ignore'
[0.715s] Level 1:colcon.colcon_core.package_identification:_identify(install) ignored
[0.715s] Level 1:colcon.colcon_core.package_identification:_identify(log) by extensions ['ignore', 'ignore_ament_install']
[0.715s] Level 1:colcon.colcon_core.package_identification:_identify(log) by extension 'ignore'
[0.715s] Level 1:colcon.colcon_core.package_identification:_identify(log) ignored
[0.715s] Level 1:colcon.colcon_core.package_identification:_identify(src) by extensions ['ignore', 'ignore_ament_install']
[0.715s] Level 1:colcon.colcon_core.package_identification:_identify(src) by extension 'ignore'
[0.715s] Level 1:colcon.colcon_core.package_identification:_identify(src) by extension 'ignore_ament_install'
[0.715s] Level 1:colcon.colcon_core.package_identification:_identify(src) by extensions ['colcon_pkg']
[0.715s] Level 1:colcon.colcon_core.package_identification:_identify(src) by extension 'colcon_pkg'
[0.715s] Level 1:colcon.colcon_core.package_identification:_identify(src) by extensions ['colcon_meta']
[0.715s] Level 1:colcon.colcon_core.package_identification:_identify(src) by extension 'colcon_meta'
[0.715s] Level 1:colcon.colcon_core.package_identification:_identify(src) by extensions ['ros']
[0.715s] Level 1:colcon.colcon_core.package_identification:_identify(src) by extension 'ros'
[0.715s] Level 1:colcon.colcon_core.package_identification:_identify(src) by extensions ['cmake', 'python']
[0.715s] Level 1:colcon.colcon_core.package_identification:_identify(src) by extension 'cmake'
[0.715s] Level 1:colcon.colcon_core.package_identification:_identify(src) by extension 'python'
[0.715s] Level 1:colcon.colcon_core.package_identification:_identify(src) by extensions ['python_setup_py']
[0.715s] Level 1:colcon.colcon_core.package_identification:_identify(src) by extension 'python_setup_py'
[0.716s] Level 1:colcon.colcon_core.package_identification:_identify(src/Relleno) by extensions ['ignore', 'ignore_ament_install']
[0.716s] Level 1:colcon.colcon_core.package_identification:_identify(src/Relleno) by extension 'ignore'
[0.716s] Level 1:colcon.colcon_core.package_identification:_identify(src/Relleno) by extension 'ignore_ament_install'
[0.716s] Level 1:colcon.colcon_core.package_identification:_identify(src/Relleno) by extensions ['colcon_pkg']
[0.716s] Level 1:colcon.colcon_core.package_identification:_identify(src/Relleno) by extension 'colcon_pkg'
[0.716s] Level 1:colcon.colcon_core.package_identification:_identify(src/Relleno) by extensions ['colcon_meta']
[0.716s] Level 1:colcon.colcon_core.package_identification:_identify(src/Relleno) by extension 'colcon_meta'
[0.716s] Level 1:colcon.colcon_core.package_identification:_identify(src/Relleno) by extensions ['ros']
[0.716s] Level 1:colcon.colcon_core.package_identification:_identify(src/Relleno) by extension 'ros'
[0.716s] Level 1:colcon.colcon_core.package_identification:_identify(src/Relleno) by extensions ['cmake', 'python']
[0.716s] Level 1:colcon.colcon_core.package_identification:_identify(src/Relleno) by extension 'cmake'
[0.716s] Level 1:colcon.colcon_core.package_identification:_identify(src/Relleno) by extension 'python'
[0.716s] Level 1:colcon.colcon_core.package_identification:_identify(src/Relleno) by extensions ['python_setup_py']
[0.716s] Level 1:colcon.colcon_core.package_identification:_identify(src/Relleno) by extension 'python_setup_py'
[0.716s] Level 1:colcon.colcon_core.package_identification:_identify(src/Relleno/learning_tf2) by extensions ['ignore', 'ignore_ament_install']
[0.716s] Level 1:colcon.colcon_core.package_identification:_identify(src/Relleno/learning_tf2) by extension 'ignore'
[0.716s] Level 1:colcon.colcon_core.package_identification:_identify(src/Relleno/learning_tf2) by extension 'ignore_ament_install'
[0.716s] Level 1:colcon.colcon_core.package_identification:_identify(src/Relleno/learning_tf2) by extensions ['colcon_pkg']
[0.716s] Level 1:colcon.colcon_core.package_identification:_identify(src/Relleno/learning_tf2) by extension 'colcon_pkg'
[0.716s] Level 1:colcon.colcon_core.package_identification:_identify(src/Relleno/learning_tf2) by extensions ['colcon_meta']
[0.716s] Level 1:colcon.colcon_core.package_identification:_identify(src/Relleno/learning_tf2) by extension 'colcon_meta'
[0.716s] Level 1:colcon.colcon_core.package_identification:_identify(src/Relleno/learning_tf2) by extensions ['ros']
[0.716s] Level 1:colcon.colcon_core.package_identification:_identify(src/Relleno/learning_tf2) by extension 'ros'
[0.723s] DEBUG:colcon.colcon_core.package_identification:Package 'src/Relleno/learning_tf2' with type 'ros.ament_python' and name 'learning_tf2'
[0.723s] Level 1:colcon.colcon_core.package_identification:_identify(src/Relleno/minisumo_robot) by extensions ['ignore', 'ignore_ament_install']
[0.723s] Level 1:colcon.colcon_core.package_identification:_identify(src/Relleno/minisumo_robot) by extension 'ignore'
[0.723s] Level 1:colcon.colcon_core.package_identification:_identify(src/Relleno/minisumo_robot) by extension 'ignore_ament_install'
[0.723s] Level 1:colcon.colcon_core.package_identification:_identify(src/Relleno/minisumo_robot) by extensions ['colcon_pkg']
[0.723s] Level 1:colcon.colcon_core.package_identification:_identify(src/Relleno/minisumo_robot) by extension 'colcon_pkg'
[0.723s] Level 1:colcon.colcon_core.package_identification:_identify(src/Relleno/minisumo_robot) by extensions ['colcon_meta']
[0.723s] Level 1:colcon.colcon_core.package_identification:_identify(src/Relleno/minisumo_robot) by extension 'colcon_meta'
[0.723s] Level 1:colcon.colcon_core.package_identification:_identify(src/Relleno/minisumo_robot) by extensions ['ros']
[0.723s] Level 1:colcon.colcon_core.package_identification:_identify(src/Relleno/minisumo_robot) by extension 'ros'
[0.724s] DEBUG:colcon.colcon_core.package_identification:Package 'src/Relleno/minisumo_robot' with type 'ros.ament_python' and name 'minisumo_robot'
[0.724s] Level 1:colcon.colcon_core.package_identification:_identify(src/Relleno/munna_robot) by extensions ['ignore', 'ignore_ament_install']
[0.724s] Level 1:colcon.colcon_core.package_identification:_identify(src/Relleno/munna_robot) by extension 'ignore'
[0.724s] Level 1:colcon.colcon_core.package_identification:_identify(src/Relleno/munna_robot) by extension 'ignore_ament_install'
[0.724s] Level 1:colcon.colcon_core.package_identification:_identify(src/Relleno/munna_robot) by extensions ['colcon_pkg']
[0.724s] Level 1:colcon.colcon_core.package_identification:_identify(src/Relleno/munna_robot) by extension 'colcon_pkg'
[0.724s] Level 1:colcon.colcon_core.package_identification:_identify(src/Relleno/munna_robot) by extensions ['colcon_meta']
[0.724s] Level 1:colcon.colcon_core.package_identification:_identify(src/Relleno/munna_robot) by extension 'colcon_meta'
[0.725s] Level 1:colcon.colcon_core.package_identification:_identify(src/Relleno/munna_robot) by extensions ['ros']
[0.725s] Level 1:colcon.colcon_core.package_identification:_identify(src/Relleno/munna_robot) by extension 'ros'
[0.726s] DEBUG:colcon.colcon_core.package_identification:Package 'src/Relleno/munna_robot' with type 'ros.ament_python' and name 'munna_robot'
[0.726s] Level 1:colcon.colcon_core.package_identification:_identify(src/micro-ROS-Agent) by extensions ['ignore', 'ignore_ament_install']
[0.726s] Level 1:colcon.colcon_core.package_identification:_identify(src/micro-ROS-Agent) by extension 'ignore'
[0.726s] Level 1:colcon.colcon_core.package_identification:_identify(src/micro-ROS-Agent) by extension 'ignore_ament_install'
[0.726s] Level 1:colcon.colcon_core.package_identification:_identify(src/micro-ROS-Agent) by extensions ['colcon_pkg']
[0.726s] Level 1:colcon.colcon_core.package_identification:_identify(src/micro-ROS-Agent) by extension 'colcon_pkg'
[0.726s] Level 1:colcon.colcon_core.package_identification:_identify(src/micro-ROS-Agent) by extensions ['colcon_meta']
[0.726s] Level 1:colcon.colcon_core.package_identification:_identify(src/micro-ROS-Agent) by extension 'colcon_meta'
[0.726s] Level 1:colcon.colcon_core.package_identification:_identify(src/micro-ROS-Agent) by extensions ['ros']
[0.726s] Level 1:colcon.colcon_core.package_identification:_identify(src/micro-ROS-Agent) by extension 'ros'
[0.726s] Level 1:colcon.colcon_core.package_identification:_identify(src/micro-ROS-Agent) by extensions ['cmake', 'python']
[0.726s] Level 1:colcon.colcon_core.package_identification:_identify(src/micro-ROS-Agent) by extension 'cmake'
[0.726s] Level 1:colcon.colcon_core.package_identification:_identify(src/micro-ROS-Agent) by extension 'python'
[0.726s] Level 1:colcon.colcon_core.package_identification:_identify(src/micro-ROS-Agent) by extensions ['python_setup_py']
[0.726s] Level 1:colcon.colcon_core.package_identification:_identify(src/micro-ROS-Agent) by extension 'python_setup_py'
[0.726s] Level 1:colcon.colcon_core.package_identification:_identify(src/micro-ROS-Agent/micro_ros_agent) by extensions ['ignore', 'ignore_ament_install']
[0.726s] Level 1:colcon.colcon_core.package_identification:_identify(src/micro-ROS-Agent/micro_ros_agent) by extension 'ignore'
[0.726s] Level 1:colcon.colcon_core.package_identification:_identify(src/micro-ROS-Agent/micro_ros_agent) by extension 'ignore_ament_install'
[0.726s] Level 1:colcon.colcon_core.package_identification:_identify(src/micro-ROS-Agent/micro_ros_agent) by extensions ['colcon_pkg']
[0.726s] Level 1:colcon.colcon_core.package_identification:_identify(src/micro-ROS-Agent/micro_ros_agent) by extension 'colcon_pkg'
[0.726s] Level 1:colcon.colcon_core.package_identification:_identify(src/micro-ROS-Agent/micro_ros_agent) by extensions ['colcon_meta']
[0.726s] Level 1:colcon.colcon_core.package_identification:_identify(src/micro-ROS-Agent/micro_ros_agent) by extension 'colcon_meta'
[0.726s] Level 1:colcon.colcon_core.package_identification:_identify(src/micro-ROS-Agent/micro_ros_agent) by extensions ['ros']
[0.726s] Level 1:colcon.colcon_core.package_identification:_identify(src/micro-ROS-Agent/micro_ros_agent) by extension 'ros'
[0.728s] DEBUG:colcon.colcon_core.package_identification:Package 'src/micro-ROS-Agent/micro_ros_agent' with type 'ros.ament_cmake' and name 'micro_ros_agent'
[0.728s] Level 1:colcon.colcon_core.package_identification:_identify(src/micro-ROS-Agent/snap) by extensions ['ignore', 'ignore_ament_install']
[0.728s] Level 1:colcon.colcon_core.package_identification:_identify(src/micro-ROS-Agent/snap) by extension 'ignore'
[0.728s] Level 1:colcon.colcon_core.package_identification:_identify(src/micro-ROS-Agent/snap) by extension 'ignore_ament_install'
[0.728s] Level 1:colcon.colcon_core.package_identification:_identify(src/micro-ROS-Agent/snap) by extensions ['colcon_pkg']
[0.728s] Level 1:colcon.colcon_core.package_identification:_identify(src/micro-ROS-Agent/snap) by extension 'colcon_pkg'
[0.728s] Level 1:colcon.colcon_core.package_identification:_identify(src/micro-ROS-Agent/snap) by extensions ['colcon_meta']
[0.728s] Level 1:colcon.colcon_core.package_identification:_identify(src/micro-ROS-Agent/snap) by extension 'colcon_meta'
[0.728s] Level 1:colcon.colcon_core.package_identification:_identify(src/micro-ROS-Agent/snap) by extensions ['ros']
[0.728s] Level 1:colcon.colcon_core.package_identification:_identify(src/micro-ROS-Agent/snap) by extension 'ros'
[0.728s] Level 1:colcon.colcon_core.package_identification:_identify(src/micro-ROS-Agent/snap) by extensions ['cmake', 'python']
[0.728s] Level 1:colcon.colcon_core.package_identification:_identify(src/micro-ROS-Agent/snap) by extension 'cmake'
[0.728s] Level 1:colcon.colcon_core.package_identification:_identify(src/micro-ROS-Agent/snap) by extension 'python'
[0.728s] Level 1:colcon.colcon_core.package_identification:_identify(src/micro-ROS-Agent/snap) by extensions ['python_setup_py']
[0.728s] Level 1:colcon.colcon_core.package_identification:_identify(src/micro-ROS-Agent/snap) by extension 'python_setup_py'
[0.728s] Level 1:colcon.colcon_core.package_identification:_identify(src/micro-ROS-Agent/snap/hooks) by extensions ['ignore', 'ignore_ament_install']
[0.728s] Level 1:colcon.colcon_core.package_identification:_identify(src/micro-ROS-Agent/snap/hooks) by extension 'ignore'
[0.728s] Level 1:colcon.colcon_core.package_identification:_identify(src/micro-ROS-Agent/snap/hooks) by extension 'ignore_ament_install'
[0.728s] Level 1:colcon.colcon_core.package_identification:_identify(src/micro-ROS-Agent/snap/hooks) by extensions ['colcon_pkg']
[0.729s] Level 1:colcon.colcon_core.package_identification:_identify(src/micro-ROS-Agent/snap/hooks) by extension 'colcon_pkg'
[0.729s] Level 1:colcon.colcon_core.package_identification:_identify(src/micro-ROS-Agent/snap/hooks) by extensions ['colcon_meta']
[0.729s] Level 1:colcon.colcon_core.package_identification:_identify(src/micro-ROS-Agent/snap/hooks) by extension 'colcon_meta'
[0.729s] Level 1:colcon.colcon_core.package_identification:_identify(src/micro-ROS-Agent/snap/hooks) by extensions ['ros']
[0.729s] Level 1:colcon.colcon_core.package_identification:_identify(src/micro-ROS-Agent/snap/hooks) by extension 'ros'
[0.729s] Level 1:colcon.colcon_core.package_identification:_identify(src/micro-ROS-Agent/snap/hooks) by extensions ['cmake', 'python']
[0.729s] Level 1:colcon.colcon_core.package_identification:_identify(src/micro-ROS-Agent/snap/hooks) by extension 'cmake'
[0.729s] Level 1:colcon.colcon_core.package_identification:_identify(src/micro-ROS-Agent/snap/hooks) by extension 'python'
[0.729s] Level 1:colcon.colcon_core.package_identification:_identify(src/micro-ROS-Agent/snap/hooks) by extensions ['python_setup_py']
[0.729s] Level 1:colcon.colcon_core.package_identification:_identify(src/micro-ROS-Agent/snap/hooks) by extension 'python_setup_py'
[0.729s] Level 1:colcon.colcon_core.package_identification:_identify(src/micro-ROS-Agent/snap/local) by extensions ['ignore', 'ignore_ament_install']
[0.729s] Level 1:colcon.colcon_core.package_identification:_identify(src/micro-ROS-Agent/snap/local) by extension 'ignore'
[0.729s] Level 1:colcon.colcon_core.package_identification:_identify(src/micro-ROS-Agent/snap/local) by extension 'ignore_ament_install'
[0.729s] Level 1:colcon.colcon_core.package_identification:_identify(src/micro-ROS-Agent/snap/local) by extensions ['colcon_pkg']
[0.729s] Level 1:colcon.colcon_core.package_identification:_identify(src/micro-ROS-Agent/snap/local) by extension 'colcon_pkg'
[0.729s] Level 1:colcon.colcon_core.package_identification:_identify(src/micro-ROS-Agent/snap/local) by extensions ['colcon_meta']
[0.729s] Level 1:colcon.colcon_core.package_identification:_identify(src/micro-ROS-Agent/snap/local) by extension 'colcon_meta'
[0.729s] Level 1:colcon.colcon_core.package_identification:_identify(src/micro-ROS-Agent/snap/local) by extensions ['ros']
[0.729s] Level 1:colcon.colcon_core.package_identification:_identify(src/micro-ROS-Agent/snap/local) by extension 'ros'
[0.729s] Level 1:colcon.colcon_core.package_identification:_identify(src/micro-ROS-Agent/snap/local) by extensions ['cmake', 'python']
[0.729s] Level 1:colcon.colcon_core.package_identification:_identify(src/micro-ROS-Agent/snap/local) by extension 'cmake'
[0.729s] Level 1:colcon.colcon_core.package_identification:_identify(src/micro-ROS-Agent/snap/local) by extension 'python'
[0.729s] Level 1:colcon.colcon_core.package_identification:_identify(src/micro-ROS-Agent/snap/local) by extensions ['python_setup_py']
[0.729s] Level 1:colcon.colcon_core.package_identification:_identify(src/micro-ROS-Agent/snap/local) by extension 'python_setup_py'
[0.729s] Level 1:colcon.colcon_core.package_identification:_identify(src/munna_teleop) by extensions ['ignore', 'ignore_ament_install']
[0.729s] Level 1:colcon.colcon_core.package_identification:_identify(src/munna_teleop) by extension 'ignore'
[0.729s] Level 1:colcon.colcon_core.package_identification:_identify(src/munna_teleop) by extension 'ignore_ament_install'
[0.729s] Level 1:colcon.colcon_core.package_identification:_identify(src/munna_teleop) by extensions ['colcon_pkg']
[0.729s] Level 1:colcon.colcon_core.package_identification:_identify(src/munna_teleop) by extension 'colcon_pkg'
[0.729s] Level 1:colcon.colcon_core.package_identification:_identify(src/munna_teleop) by extensions ['colcon_meta']
[0.729s] Level 1:colcon.colcon_core.package_identification:_identify(src/munna_teleop) by extension 'colcon_meta'
[0.729s] Level 1:colcon.colcon_core.package_identification:_identify(src/munna_teleop) by extensions ['ros']
[0.729s] Level 1:colcon.colcon_core.package_identification:_identify(src/munna_teleop) by extension 'ros'
[0.730s] DEBUG:colcon.colcon_core.package_identification:Found ROS schema reference in package manifest in 'src/munna_teleop'
[0.730s] WARNING:colcon.colcon_core.package_identification:Failed to parse ROS package manifest in 'src/munna_teleop': Error(s) in package 'src/munna_teleop/package.xml':
Invalid email "[email protected]" for person "marcela"
[0.730s] Level 1:colcon.colcon_core.package_identification:_identify(src/munna_teleop) by extensions ['cmake', 'python']
[0.730s] Level 1:colcon.colcon_core.package_identification:_identify(src/munna_teleop) by extension 'cmake'
[0.730s] Level 1:colcon.colcon_core.package_identification:_identify(src/munna_teleop) by extension 'python'
[0.731s] DEBUG:colcon.colcon_core.package_identification:Python package in 'src/munna_teleop' passes arguments to the setup() function which requires a different identification extension than 'python'
[0.731s] Level 1:colcon.colcon_core.package_identification:_identify(src/munna_teleop) by extensions ['python_setup_py']
[0.731s] Level 1:colcon.colcon_core.package_identification:_identify(src/munna_teleop) by extension 'python_setup_py'
[0.883s] DEBUG:colcon.colcon_core.package_identification:Package 'src/munna_teleop' with type 'python' and name 'munna_teleop'
[0.883s] Level 1:colcon.colcon_core.package_identification:_identify(src/teleop_twist_joy) by extensions ['ignore', 'ignore_ament_install']
[0.883s] Level 1:colcon.colcon_core.package_identification:_identify(src/teleop_twist_joy) by extension 'ignore'
[0.883s] Level 1:colcon.colcon_core.package_identification:_identify(src/teleop_twist_joy) by extension 'ignore_ament_install'
[0.883s] Level 1:colcon.colcon_core.package_identification:_identify(src/teleop_twist_joy) by extensions ['colcon_pkg']
[0.883s] Level 1:colcon.colcon_core.package_identification:_identify(src/teleop_twist_joy) by extension 'colcon_pkg'
[0.883s] Level 1:colcon.colcon_core.package_identification:_identify(src/teleop_twist_joy) by extensions ['colcon_meta']
[0.883s] Level 1:colcon.colcon_core.package_identification:_identify(src/teleop_twist_joy) by extension 'colcon_meta'
[0.883s] Level 1:colcon.colcon_core.package_identification:_identify(src/teleop_twist_joy) by extensions ['ros']
[0.883s] Level 1:colcon.colcon_core.package_identification:_identify(src/teleop_twist_joy) by extension 'ros'
[0.885s] DEBUG:colcon.colcon_core.package_identification:Package 'src/teleop_twist_joy' with type 'ros.ament_cmake' and name 'teleop_twist_joy'
[0.885s] Level 1:colcon.colcon_core.package_discovery:discover_packages(recursive) using defaults
[0.885s] Level 1:colcon.colcon_core.package_discovery:discover_packages(ignore) discover
[0.885s] Level 1:colcon.colcon_core.package_discovery:discover_packages(ignore) using defaults
[0.885s] Level 1:colcon.colcon_core.package_discovery:discover_packages(path) discover
[0.885s] Level 1:colcon.colcon_core.package_discovery:discover_packages(path) using defaults
[0.919s] Level 1:colcon.colcon_core.package_discovery:discover_packages(prefix_path) check parameters
[0.919s] Level 1:colcon.colcon_core.package_discovery:discover_packages(prefix_path) discover
[0.922s] DEBUG:colcon.colcon_installed_package_information.package_discovery:Found 1 installed packages in /home/fairytale/ros2_ws/install
[0.923s] DEBUG:colcon.colcon_installed_package_information.package_discovery:Found 367 installed packages in /opt/ros/humble
[0.924s] Level 1:colcon.colcon_core.package_discovery:discover_packages(prefix_path) using defaults
[0.950s] WARNING:colcon.colcon_core.package_selection:Some selected packages are already built in one or more underlay workspaces:
	'teleop_twist_joy' is in: /opt/ros/humble
If a package in a merged underlay workspace is overridden and it installs headers, then all packages in the overlay must sort their include directories by workspace order. Failure to do so may result in build failures or undefined behavior at run time.
If the overridden package is used by another package in any underlay, then the overriding package in the overlay must be API and ABI compatible or undefined behavior at run time may occur.

If you understand the risks and want to override a package anyways, add the following to the command line:
	--allow-overriding teleop_twist_joy

This may be promoted to an error in a future release of colcon-override-check.
[0.950s] Level 5:colcon.colcon_core.verb:set package 'learning_tf2' build argument 'cmake_args' from command line to 'None'
[0.950s] Level 5:colcon.colcon_core.verb:set package 'learning_tf2' build argument 'cmake_target' from command line to 'None'
[0.950s] Level 5:colcon.colcon_core.verb:set package 'learning_tf2' build argument 'cmake_target_skip_unavailable' from command line to 'False'
[0.950s] Level 5:colcon.colcon_core.verb:set package 'learning_tf2' build argument 'cmake_clean_cache' from command line to 'False'
[0.950s] Level 5:colcon.colcon_core.verb:set package 'learning_tf2' build argument 'cmake_clean_first' from command line to 'False'
[0.950s] Level 5:colcon.colcon_core.verb:set package 'learning_tf2' build argument 'cmake_force_configure' from command line to 'False'
[0.950s] Level 5:colcon.colcon_core.verb:set package 'learning_tf2' build argument 'ament_cmake_args' from command line to 'None'
[0.950s] Level 5:colcon.colcon_core.verb:set package 'learning_tf2' build argument 'catkin_cmake_args' from command line to 'None'
[0.950s] Level 5:colcon.colcon_core.verb:set package 'learning_tf2' build argument 'catkin_skip_building_tests' from command line to 'False'
[0.951s] DEBUG:colcon.colcon_core.verb:Building package 'learning_tf2' with the following arguments: {'ament_cmake_args': None, 'build_base': '/home/fairytale/ros2_ws/build/learning_tf2', 'catkin_cmake_args': None, 'catkin_skip_building_tests': False, 'cmake_args': None, 'cmake_clean_cache': False, 'cmake_clean_first': False, 'cmake_force_configure': False, 'cmake_target': None, 'cmake_target_skip_unavailable': False, 'install_base': '/home/fairytale/ros2_ws/install/learning_tf2', 'merge_install': False, 'path': '/home/fairytale/ros2_ws/src/Relleno/learning_tf2', 'symlink_install': False, 'test_result_base': None}
[0.951s] Level 5:colcon.colcon_core.verb:set package 'micro_ros_agent' build argument 'cmake_args' from command line to 'None'
[0.951s] Level 5:colcon.colcon_core.verb:set package 'micro_ros_agent' build argument 'cmake_target' from command line to 'None'
[0.951s] Level 5:colcon.colcon_core.verb:set package 'micro_ros_agent' build argument 'cmake_target_skip_unavailable' from command line to 'False'
[0.951s] Level 5:colcon.colcon_core.verb:set package 'micro_ros_agent' build argument 'cmake_clean_cache' from command line to 'False'
[0.951s] Level 5:colcon.colcon_core.verb:set package 'micro_ros_agent' build argument 'cmake_clean_first' from command line to 'False'
[0.951s] Level 5:colcon.colcon_core.verb:set package 'micro_ros_agent' build argument 'cmake_force_configure' from command line to 'False'
[0.951s] Level 5:colcon.colcon_core.verb:set package 'micro_ros_agent' build argument 'ament_cmake_args' from command line to 'None'
[0.951s] Level 5:colcon.colcon_core.verb:set package 'micro_ros_agent' build argument 'catkin_cmake_args' from command line to 'None'
[0.951s] Level 5:colcon.colcon_core.verb:set package 'micro_ros_agent' build argument 'catkin_skip_building_tests' from command line to 'False'
[0.951s] DEBUG:colcon.colcon_core.verb:Building package 'micro_ros_agent' with the following arguments: {'ament_cmake_args': None, 'build_base': '/home/fairytale/ros2_ws/build/micro_ros_agent', 'catkin_cmake_args': None, 'catkin_skip_building_tests': False, 'cmake_args': None, 'cmake_clean_cache': False, 'cmake_clean_first': False, 'cmake_force_configure': False, 'cmake_target': None, 'cmake_target_skip_unavailable': False, 'install_base': '/home/fairytale/ros2_ws/install/micro_ros_agent', 'merge_install': False, 'path': '/home/fairytale/ros2_ws/src/micro-ROS-Agent/micro_ros_agent', 'symlink_install': False, 'test_result_base': None}
[0.951s] Level 5:colcon.colcon_core.verb:set package 'minisumo_robot' build argument 'cmake_args' from command line to 'None'
[0.951s] Level 5:colcon.colcon_core.verb:set package 'minisumo_robot' build argument 'cmake_target' from command line to 'None'
[0.951s] Level 5:colcon.colcon_core.verb:set package 'minisumo_robot' build argument 'cmake_target_skip_unavailable' from command line to 'False'
[0.951s] Level 5:colcon.colcon_core.verb:set package 'minisumo_robot' build argument 'cmake_clean_cache' from command line to 'False'
[0.951s] Level 5:colcon.colcon_core.verb:set package 'minisumo_robot' build argument 'cmake_clean_first' from command line to 'False'
[0.951s] Level 5:colcon.colcon_core.verb:set package 'minisumo_robot' build argument 'cmake_force_configure' from command line to 'False'
[0.951s] Level 5:colcon.colcon_core.verb:set package 'minisumo_robot' build argument 'ament_cmake_args' from command line to 'None'
[0.951s] Level 5:colcon.colcon_core.verb:set package 'minisumo_robot' build argument 'catkin_cmake_args' from command line to 'None'
[0.951s] Level 5:colcon.colcon_core.verb:set package 'minisumo_robot' build argument 'catkin_skip_building_tests' from command line to 'False'
[0.951s] DEBUG:colcon.colcon_core.verb:Building package 'minisumo_robot' with the following arguments: {'ament_cmake_args': None, 'build_base': '/home/fairytale/ros2_ws/build/minisumo_robot', 'catkin_cmake_args': None, 'catkin_skip_building_tests': False, 'cmake_args': None, 'cmake_clean_cache': False, 'cmake_clean_first': False, 'cmake_force_configure': False, 'cmake_target': None, 'cmake_target_skip_unavailable': False, 'install_base': '/home/fairytale/ros2_ws/install/minisumo_robot', 'merge_install': False, 'path': '/home/fairytale/ros2_ws/src/Relleno/minisumo_robot', 'symlink_install': False, 'test_result_base': None}
[0.951s] Level 5:colcon.colcon_core.verb:set package 'munna_robot' build argument 'cmake_args' from command line to 'None'
[0.951s] Level 5:colcon.colcon_core.verb:set package 'munna_robot' build argument 'cmake_target' from command line to 'None'
[0.951s] Level 5:colcon.colcon_core.verb:set package 'munna_robot' build argument 'cmake_target_skip_unavailable' from command line to 'False'
[0.951s] Level 5:colcon.colcon_core.verb:set package 'munna_robot' build argument 'cmake_clean_cache' from command line to 'False'
[0.951s] Level 5:colcon.colcon_core.verb:set package 'munna_robot' build argument 'cmake_clean_first' from command line to 'False'
[0.951s] Level 5:colcon.colcon_core.verb:set package 'munna_robot' build argument 'cmake_force_configure' from command line to 'False'
[0.951s] Level 5:colcon.colcon_core.verb:set package 'munna_robot' build argument 'ament_cmake_args' from command line to 'None'
[0.951s] Level 5:colcon.colcon_core.verb:set package 'munna_robot' build argument 'catkin_cmake_args' from command line to 'None'
[0.951s] Level 5:colcon.colcon_core.verb:set package 'munna_robot' build argument 'catkin_skip_building_tests' from command line to 'False'
[0.951s] DEBUG:colcon.colcon_core.verb:Building package 'munna_robot' with the following arguments: {'ament_cmake_args': None, 'build_base': '/home/fairytale/ros2_ws/build/munna_robot', 'catkin_cmake_args': None, 'catkin_skip_building_tests': False, 'cmake_args': None, 'cmake_clean_cache': False, 'cmake_clean_first': False, 'cmake_force_configure': False, 'cmake_target': None, 'cmake_target_skip_unavailable': False, 'install_base': '/home/fairytale/ros2_ws/install/munna_robot', 'merge_install': False, 'path': '/home/fairytale/ros2_ws/src/Relleno/munna_robot', 'symlink_install': False, 'test_result_base': None}
[0.952s] Level 5:colcon.colcon_core.verb:set package 'munna_teleop' build argument 'cmake_args' from command line to 'None'
[0.952s] Level 5:colcon.colcon_core.verb:set package 'munna_teleop' build argument 'cmake_target' from command line to 'None'
[0.952s] Level 5:colcon.colcon_core.verb:set package 'munna_teleop' build argument 'cmake_target_skip_unavailable' from command line to 'False'
[0.952s] Level 5:colcon.colcon_core.verb:set package 'munna_teleop' build argument 'cmake_clean_cache' from command line to 'False'
[0.952s] Level 5:colcon.colcon_core.verb:set package 'munna_teleop' build argument 'cmake_clean_first' from command line to 'False'
[0.952s] Level 5:colcon.colcon_core.verb:set package 'munna_teleop' build argument 'cmake_force_configure' from command line to 'False'
[0.952s] Level 5:colcon.colcon_core.verb:set package 'munna_teleop' build argument 'ament_cmake_args' from command line to 'None'
[0.952s] Level 5:colcon.colcon_core.verb:set package 'munna_teleop' build argument 'catkin_cmake_args' from command line to 'None'
[0.952s] Level 5:colcon.colcon_core.verb:set package 'munna_teleop' build argument 'catkin_skip_building_tests' from command line to 'False'
[0.952s] DEBUG:colcon.colcon_core.verb:Building package 'munna_teleop' with the following arguments: {'ament_cmake_args': None, 'build_base': '/home/fairytale/ros2_ws/build/munna_teleop', 'catkin_cmake_args': None, 'catkin_skip_building_tests': False, 'cmake_args': None, 'cmake_clean_cache': False, 'cmake_clean_first': False, 'cmake_force_configure': False, 'cmake_target': None, 'cmake_target_skip_unavailable': False, 'install_base': '/home/fairytale/ros2_ws/install/munna_teleop', 'merge_install': False, 'path': '/home/fairytale/ros2_ws/src/munna_teleop', 'symlink_install': False, 'test_result_base': None}
[0.952s] Level 5:colcon.colcon_core.verb:set package 'teleop_twist_joy' build argument 'cmake_args' from command line to 'None'
[0.952s] Level 5:colcon.colcon_core.verb:set package 'teleop_twist_joy' build argument 'cmake_target' from command line to 'None'
[0.952s] Level 5:colcon.colcon_core.verb:set package 'teleop_twist_joy' build argument 'cmake_target_skip_unavailable' from command line to 'False'
[0.952s] Level 5:colcon.colcon_core.verb:set package 'teleop_twist_joy' build argument 'cmake_clean_cache' from command line to 'False'
[0.952s] Level 5:colcon.colcon_core.verb:set package 'teleop_twist_joy' build argument 'cmake_clean_first' from command line to 'False'
[0.952s] Level 5:colcon.colcon_core.verb:set package 'teleop_twist_joy' build argument 'cmake_force_configure' from command line to 'False'
[0.952s] Level 5:colcon.colcon_core.verb:set package 'teleop_twist_joy' build argument 'ament_cmake_args' from command line to 'None'
[0.952s] Level 5:colcon.colcon_core.verb:set package 'teleop_twist_joy' build argument 'catkin_cmake_args' from command line to 'None'
[0.952s] Level 5:colcon.colcon_core.verb:set package 'teleop_twist_joy' build argument 'catkin_skip_building_tests' from command line to 'False'
[0.952s] DEBUG:colcon.colcon_core.verb:Building package 'teleop_twist_joy' with the following arguments: {'ament_cmake_args': None, 'build_base': '/home/fairytale/ros2_ws/build/teleop_twist_joy', 'catkin_cmake_args': None, 'catkin_skip_building_tests': False, 'cmake_args': None, 'cmake_clean_cache': False, 'cmake_clean_first': False, 'cmake_force_configure': False, 'cmake_target': None, 'cmake_target_skip_unavailable': False, 'install_base': '/home/fairytale/ros2_ws/install/teleop_twist_joy', 'merge_install': False, 'path': '/home/fairytale/ros2_ws/src/teleop_twist_joy', 'symlink_install': False, 'test_result_base': None}
[0.952s] INFO:colcon.colcon_core.executor:Executing jobs using 'parallel' executor
[0.953s] DEBUG:colcon.colcon_parallel_executor.executor.parallel:run_until_complete
[0.953s] INFO:colcon.colcon_ros.task.ament_python.build:Building ROS package in '/home/fairytale/ros2_ws/src/Relleno/learning_tf2' with build type 'ament_python'
[0.953s] Level 1:colcon.colcon_core.shell:create_environment_hook('learning_tf2', 'ament_prefix_path')
[0.967s] INFO:colcon.colcon_core.plugin_system:Skipping extension 'colcon_core.shell.bat': Not used on non-Windows systems
[0.967s] INFO:colcon.colcon_core.shell:Creating environment hook '/home/fairytale/ros2_ws/install/learning_tf2/share/learning_tf2/hook/ament_prefix_path.ps1'
[0.968s] INFO:colcon.colcon_core.shell:Creating environment descriptor '/home/fairytale/ros2_ws/install/learning_tf2/share/learning_tf2/hook/ament_prefix_path.dsv'
[0.969s] INFO:colcon.colcon_core.shell:Creating environment hook '/home/fairytale/ros2_ws/install/learning_tf2/share/learning_tf2/hook/ament_prefix_path.sh'
[0.970s] INFO:colcon.colcon_core.shell:Skip shell extension 'powershell' for command environment: Not usable outside of PowerShell
[0.970s] DEBUG:colcon.colcon_core.shell:Skip shell extension 'dsv' for command environment
[0.974s] INFO:colcon.colcon_ros.task.ament_cmake.build:Building ROS package in '/home/fairytale/ros2_ws/src/micro-ROS-Agent/micro_ros_agent' with build type 'ament_cmake'
[0.974s] INFO:colcon.colcon_cmake.task.cmake.build:Building CMake package in '/home/fairytale/ros2_ws/src/micro-ROS-Agent/micro_ros_agent'
[0.974s] INFO:colcon.colcon_core.shell:Skip shell extension 'powershell' for command environment: Not usable outside of PowerShell
[0.974s] DEBUG:colcon.colcon_core.shell:Skip shell extension 'dsv' for command environment
[0.976s] INFO:colcon.colcon_ros.task.ament_python.build:Building ROS package in '/home/fairytale/ros2_ws/src/Relleno/minisumo_robot' with build type 'ament_python'
[0.976s] Level 1:colcon.colcon_core.shell:create_environment_hook('minisumo_robot', 'ament_prefix_path')
[0.976s] INFO:colcon.colcon_core.shell:Creating environment hook '/home/fairytale/ros2_ws/install/minisumo_robot/share/minisumo_robot/hook/ament_prefix_path.ps1'
[0.977s] INFO:colcon.colcon_core.shell:Creating environment descriptor '/home/fairytale/ros2_ws/install/minisumo_robot/share/minisumo_robot/hook/ament_prefix_path.dsv'
[0.977s] INFO:colcon.colcon_core.shell:Creating environment hook '/home/fairytale/ros2_ws/install/minisumo_robot/share/minisumo_robot/hook/ament_prefix_path.sh'
[0.977s] INFO:colcon.colcon_core.shell:Skip shell extension 'powershell' for command environment: Not usable outside of PowerShell
[0.977s] DEBUG:colcon.colcon_core.shell:Skip shell extension 'dsv' for command environment
[0.979s] INFO:colcon.colcon_ros.task.ament_python.build:Building ROS package in '/home/fairytale/ros2_ws/src/Relleno/munna_robot' with build type 'ament_python'
[0.979s] Level 1:colcon.colcon_core.shell:create_environment_hook('munna_robot', 'ament_prefix_path')
[0.979s] INFO:colcon.colcon_core.shell:Creating environment hook '/home/fairytale/ros2_ws/install/munna_robot/share/munna_robot/hook/ament_prefix_path.ps1'
[0.980s] INFO:colcon.colcon_core.shell:Creating environment descriptor '/home/fairytale/ros2_ws/install/munna_robot/share/munna_robot/hook/ament_prefix_path.dsv'
[0.980s] INFO:colcon.colcon_core.shell:Creating environment hook '/home/fairytale/ros2_ws/install/munna_robot/share/munna_robot/hook/ament_prefix_path.sh'
[0.980s] INFO:colcon.colcon_core.shell:Skip shell extension 'powershell' for command environment: Not usable outside of PowerShell
[0.980s] DEBUG:colcon.colcon_core.shell:Skip shell extension 'dsv' for command environment
[0.982s] INFO:colcon.colcon_core.task.python.build:Building Python package in '/home/fairytale/ros2_ws/src/munna_teleop'
[0.982s] INFO:colcon.colcon_core.shell:Skip shell extension 'powershell' for command environment: Not usable outside of PowerShell
[0.982s] DEBUG:colcon.colcon_core.shell:Skip shell extension 'dsv' for command environment
[0.984s] INFO:colcon.colcon_ros.task.ament_cmake.build:Building ROS package in '/home/fairytale/ros2_ws/src/teleop_twist_joy' with build type 'ament_cmake'
[0.984s] INFO:colcon.colcon_cmake.task.cmake.build:Building CMake package in '/home/fairytale/ros2_ws/src/teleop_twist_joy'
[0.984s] INFO:colcon.colcon_core.shell:Skip shell extension 'powershell' for command environment: Not usable outside of PowerShell
[0.985s] DEBUG:colcon.colcon_core.shell:Skip shell extension 'dsv' for command environment
[1.140s] INFO:colcon.colcon_core.task.python.build:Building Python package in '/home/fairytale/ros2_ws/src/Relleno/learning_tf2'
[1.140s] INFO:colcon.colcon_core.shell:Skip shell extension 'powershell' for command environment: Not usable outside of PowerShell
[1.140s] DEBUG:colcon.colcon_core.shell:Skip shell extension 'dsv' for command environment
[1.145s] DEBUG:colcon.colcon_core.event_handler.log_command:Invoking command in '/home/fairytale/ros2_ws/build/micro_ros_agent': CMAKE_PREFIX_PATH=/home/fairytale/ros2_ws/install/munna_teleop:/opt/ros/humble /usr/bin/cmake /home/fairytale/ros2_ws/src/micro-ROS-Agent/micro_ros_agent -DCMAKE_INSTALL_PREFIX=/home/fairytale/ros2_ws/install/micro_ros_agent
[1.304s] INFO:colcon.colcon_core.task.python.build:Building Python package in '/home/fairytale/ros2_ws/src/Relleno/minisumo_robot'
[1.304s] INFO:colcon.colcon_core.shell:Skip shell extension 'powershell' for command environment: Not usable outside of PowerShell
[1.304s] DEBUG:colcon.colcon_core.shell:Skip shell extension 'dsv' for command environment
[1.460s] INFO:colcon.colcon_core.task.python.build:Building Python package in '/home/fairytale/ros2_ws/src/Relleno/munna_robot'
[1.460s] INFO:colcon.colcon_core.shell:Skip shell extension 'powershell' for command environment: Not usable outside of PowerShell
[1.460s] DEBUG:colcon.colcon_core.shell:Skip shell extension 'dsv' for command environment
[1.628s] DEBUG:colcon.colcon_core.event_handler.log_command:Invoking command in '/home/fairytale/ros2_ws/build/teleop_twist_joy': CMAKE_PREFIX_PATH=/home/fairytale/ros2_ws/install/munna_teleop:/opt/ros/humble /usr/bin/cmake /home/fairytale/ros2_ws/src/teleop_twist_joy -DCMAKE_INSTALL_PREFIX=/home/fairytale/ros2_ws/install/teleop_twist_joy
[3.255s] DEBUG:colcon.colcon_core.event_handler.log_command:Invoked command in '/home/fairytale/ros2_ws/build/micro_ros_agent' returned '0': CMAKE_PREFIX_PATH=/home/fairytale/ros2_ws/install/munna_teleop:/opt/ros/humble /usr/bin/cmake /home/fairytale/ros2_ws/src/micro-ROS-Agent/micro_ros_agent -DCMAKE_INSTALL_PREFIX=/home/fairytale/ros2_ws/install/micro_ros_agent
[3.257s] DEBUG:colcon.colcon_core.event_handler.log_command:Invoking command in '/home/fairytale/ros2_ws/build/micro_ros_agent': CMAKE_PREFIX_PATH=/home/fairytale/ros2_ws/install/munna_teleop:/opt/ros/humble /usr/bin/cmake --build /home/fairytale/ros2_ws/build/micro_ros_agent -- -j16 -l16
[3.384s] DEBUG:colcon.colcon_core.event_handler.log_command:Invoking command in '/home/fairytale/ros2_ws/src/Relleno/munna_robot': PYTHONPATH=/home/fairytale/ros2_ws/build/munna_robot/prefix_override:/usr/lib/python3/dist-packages/colcon_core/task/python/colcon_distutils_commands:/home/fairytale/ros2_ws/install/munna_robot/lib/python3.10/site-packages:${PYTHONPATH} /usr/bin/python3 -W ignore:setup.py install is deprecated -W ignore:easy_install command is deprecated setup.py egg_info --egg-base ../../../build/munna_robot build --build-base /home/fairytale/ros2_ws/build/munna_robot/build install --record /home/fairytale/ros2_ws/build/munna_robot/install.log --single-version-externally-managed install_data
[3.386s] DEBUG:colcon.colcon_core.event_handler.log_command:Invoking command in '/home/fairytale/ros2_ws/src/Relleno/learning_tf2': PYTHONPATH=/home/fairytale/ros2_ws/build/learning_tf2/prefix_override:/usr/lib/python3/dist-packages/colcon_core/task/python/colcon_distutils_commands:/home/fairytale/ros2_ws/install/learning_tf2/lib/python3.10/site-packages:${PYTHONPATH} /usr/bin/python3 -W ignore:setup.py install is deprecated -W ignore:easy_install command is deprecated setup.py egg_info --egg-base ../../../build/learning_tf2 build --build-base /home/fairytale/ros2_ws/build/learning_tf2/build install --record /home/fairytale/ros2_ws/build/learning_tf2/install.log --single-version-externally-managed install_data
[3.390s] DEBUG:colcon.colcon_core.event_handler.log_command:Invoking command in '/home/fairytale/ros2_ws/src/munna_teleop': PYTHONPATH=/home/fairytale/ros2_ws/build/munna_teleop/prefix_override:/usr/lib/python3/dist-packages/colcon_core/task/python/colcon_distutils_commands:/home/fairytale/ros2_ws/install/munna_teleop/lib/python3.10/site-packages:${PYTHONPATH} /usr/bin/python3 -W ignore:setup.py install is deprecated -W ignore:easy_install command is deprecated setup.py egg_info --egg-base ../../build/munna_teleop build --build-base /home/fairytale/ros2_ws/build/munna_teleop/build install --record /home/fairytale/ros2_ws/build/munna_teleop/install.log --single-version-externally-managed install_data
[3.392s] DEBUG:colcon.colcon_core.event_handler.log_command:Invoking command in '/home/fairytale/ros2_ws/src/Relleno/minisumo_robot': PYTHONPATH=/home/fairytale/ros2_ws/build/minisumo_robot/prefix_override:/usr/lib/python3/dist-packages/colcon_core/task/python/colcon_distutils_commands:/home/fairytale/ros2_ws/install/minisumo_robot/lib/python3.10/site-packages:${PYTHONPATH} /usr/bin/python3 -W ignore:setup.py install is deprecated -W ignore:easy_install command is deprecated setup.py egg_info --egg-base ../../../build/minisumo_robot build --build-base /home/fairytale/ros2_ws/build/minisumo_robot/build install --record /home/fairytale/ros2_ws/build/minisumo_robot/install.log --single-version-externally-managed install_data
[3.593s] DEBUG:colcon.colcon_core.event_handler.log_command:Invoked command in '/home/fairytale/ros2_ws/src/Relleno/learning_tf2' returned '0': PYTHONPATH=/home/fairytale/ros2_ws/build/learning_tf2/prefix_override:/usr/lib/python3/dist-packages/colcon_core/task/python/colcon_distutils_commands:/home/fairytale/ros2_ws/install/learning_tf2/lib/python3.10/site-packages:${PYTHONPATH} /usr/bin/python3 -W ignore:setup.py install is deprecated -W ignore:easy_install command is deprecated setup.py egg_info --egg-base ../../../build/learning_tf2 build --build-base /home/fairytale/ros2_ws/build/learning_tf2/build install --record /home/fairytale/ros2_ws/build/learning_tf2/install.log --single-version-externally-managed install_data
[3.616s] Level 1:colcon.colcon_core.environment:checking '/home/fairytale/ros2_ws/install/learning_tf2' for CMake module files
[3.616s] Level 1:colcon.colcon_core.environment:checking '/home/fairytale/ros2_ws/install/learning_tf2' for CMake config files
[3.616s] Level 1:colcon.colcon_core.environment:checking '/home/fairytale/ros2_ws/install/learning_tf2/lib'
[3.616s] Level 1:colcon.colcon_core.environment:checking '/home/fairytale/ros2_ws/install/learning_tf2/bin'
[3.617s] Level 1:colcon.colcon_core.environment:checking '/home/fairytale/ros2_ws/install/learning_tf2/lib/pkgconfig/learning_tf2.pc'
[3.617s] Level 1:colcon.colcon_core.environment:checking '/home/fairytale/ros2_ws/install/learning_tf2/lib/python3.10/site-packages'
[3.617s] Level 1:colcon.colcon_core.shell:create_environment_hook('learning_tf2', 'pythonpath')
[3.617s] INFO:colcon.colcon_core.shell:Creating environment hook '/home/fairytale/ros2_ws/install/learning_tf2/share/learning_tf2/hook/pythonpath.ps1'
[3.617s] INFO:colcon.colcon_core.shell:Creating environment descriptor '/home/fairytale/ros2_ws/install/learning_tf2/share/learning_tf2/hook/pythonpath.dsv'
[3.617s] INFO:colcon.colcon_core.shell:Creating environment hook '/home/fairytale/ros2_ws/install/learning_tf2/share/learning_tf2/hook/pythonpath.sh'
[3.618s] Level 1:colcon.colcon_core.environment:checking '/home/fairytale/ros2_ws/install/learning_tf2/bin'
[3.618s] Level 1:colcon.colcon_core.environment:create_environment_scripts_only(learning_tf2)
[3.618s] INFO:colcon.colcon_core.shell:Creating package script '/home/fairytale/ros2_ws/install/learning_tf2/share/learning_tf2/package.ps1'
[3.619s] INFO:colcon.colcon_core.shell:Creating package descriptor '/home/fairytale/ros2_ws/install/learning_tf2/share/learning_tf2/package.dsv'
[3.620s] INFO:colcon.colcon_core.shell:Creating package script '/home/fairytale/ros2_ws/install/learning_tf2/share/learning_tf2/package.sh'
[3.621s] INFO:colcon.colcon_core.shell:Creating package script '/home/fairytale/ros2_ws/install/learning_tf2/share/learning_tf2/package.bash'
[3.622s] INFO:colcon.colcon_core.shell:Creating package script '/home/fairytale/ros2_ws/install/learning_tf2/share/learning_tf2/package.zsh'
[3.623s] Level 1:colcon.colcon_core.environment:create_file_with_runtime_dependencies(/home/fairytale/ros2_ws/install/learning_tf2/share/colcon-core/packages/learning_tf2)
[3.625s] Level 1:colcon.colcon_core.environment:checking '/home/fairytale/ros2_ws/install/minisumo_robot' for CMake module files
[3.625s] DEBUG:colcon.colcon_core.event_handler.log_command:Invoked command in '/home/fairytale/ros2_ws/src/Relleno/minisumo_robot' returned '0': PYTHONPATH=/home/fairytale/ros2_ws/build/minisumo_robot/prefix_override:/usr/lib/python3/dist-packages/colcon_core/task/python/colcon_distutils_commands:/home/fairytale/ros2_ws/install/minisumo_robot/lib/python3.10/site-packages:${PYTHONPATH} /usr/bin/python3 -W ignore:setup.py install is deprecated -W ignore:easy_install command is deprecated setup.py egg_info --egg-base ../../../build/minisumo_robot build --build-base /home/fairytale/ros2_ws/build/minisumo_robot/build install --record /home/fairytale/ros2_ws/build/minisumo_robot/install.log --single-version-externally-managed install_data
[3.625s] Level 1:colcon.colcon_core.environment:checking '/home/fairytale/ros2_ws/install/minisumo_robot' for CMake config files
[3.626s] Level 1:colcon.colcon_core.environment:checking '/home/fairytale/ros2_ws/install/minisumo_robot/lib'
[3.626s] Level 1:colcon.colcon_core.environment:checking '/home/fairytale/ros2_ws/install/minisumo_robot/bin'
[3.626s] Level 1:colcon.colcon_core.shell:create_environment_hook('minisumo_robot', 'path')
[3.626s] INFO:colcon.colcon_core.shell:Creating environment hook '/home/fairytale/ros2_ws/install/minisumo_robot/share/minisumo_robot/hook/path.ps1'
[3.626s] INFO:colcon.colcon_core.shell:Creating environment descriptor '/home/fairytale/ros2_ws/install/minisumo_robot/share/minisumo_robot/hook/path.dsv'
[3.627s] INFO:colcon.colcon_core.shell:Creating environment hook '/home/fairytale/ros2_ws/install/minisumo_robot/share/minisumo_robot/hook/path.sh'
[3.627s] Level 1:colcon.colcon_core.environment:checking '/home/fairytale/ros2_ws/install/minisumo_robot/lib/pkgconfig/minisumo_robot.pc'
[3.627s] Level 1:colcon.colcon_core.environment:checking '/home/fairytale/ros2_ws/install/minisumo_robot/lib/python3.10/site-packages'
[3.627s] Level 1:colcon.colcon_core.shell:create_environment_hook('minisumo_robot', 'pythonpath')
[3.628s] INFO:colcon.colcon_core.shell:Creating environment hook '/home/fairytale/ros2_ws/install/minisumo_robot/share/minisumo_robot/hook/pythonpath.ps1'
[3.628s] INFO:colcon.colcon_core.shell:Creating environment descriptor '/home/fairytale/ros2_ws/install/minisumo_robot/share/minisumo_robot/hook/pythonpath.dsv'
[3.628s] INFO:colcon.colcon_core.shell:Creating environment hook '/home/fairytale/ros2_ws/install/minisumo_robot/share/minisumo_robot/hook/pythonpath.sh'
[3.628s] Level 1:colcon.colcon_core.environment:checking '/home/fairytale/ros2_ws/install/minisumo_robot/bin'
[3.628s] Level 1:colcon.colcon_core.shell:create_environment_hook('minisumo_robot', 'pythonscriptspath')
[3.628s] INFO:colcon.colcon_core.shell:Creating environment hook '/home/fairytale/ros2_ws/install/minisumo_robot/share/minisumo_robot/hook/pythonscriptspath.ps1'
[3.629s] INFO:colcon.colcon_core.shell:Creating environment descriptor '/home/fairytale/ros2_ws/install/minisumo_robot/share/minisumo_robot/hook/pythonscriptspath.dsv'
[3.629s] INFO:colcon.colcon_core.shell:Creating environment hook '/home/fairytale/ros2_ws/install/minisumo_robot/share/minisumo_robot/hook/pythonscriptspath.sh'
[3.629s] Level 1:colcon.colcon_core.environment:create_environment_scripts_only(minisumo_robot)
[3.629s] INFO:colcon.colcon_core.shell:Creating package script '/home/fairytale/ros2_ws/install/minisumo_robot/share/minisumo_robot/package.ps1'
[3.629s] INFO:colcon.colcon_core.shell:Creating package descriptor '/home/fairytale/ros2_ws/install/minisumo_robot/share/minisumo_robot/package.dsv'
[3.630s] INFO:colcon.colcon_core.shell:Creating package script '/home/fairytale/ros2_ws/install/minisumo_robot/share/minisumo_robot/package.sh'
[3.630s] INFO:colcon.colcon_core.shell:Creating package script '/home/fairytale/ros2_ws/install/minisumo_robot/share/minisumo_robot/package.bash'
[3.630s] INFO:colcon.colcon_core.shell:Creating package script '/home/fairytale/ros2_ws/install/minisumo_robot/share/minisumo_robot/package.zsh'
[3.630s] Level 1:colcon.colcon_core.environment:create_file_with_runtime_dependencies(/home/fairytale/ros2_ws/install/minisumo_robot/share/colcon-core/packages/minisumo_robot)
[3.630s] Level 1:colcon.colcon_core.environment:checking '/home/fairytale/ros2_ws/install/munna_teleop' for CMake module files
[3.631s] DEBUG:colcon.colcon_core.event_handler.log_command:Invoked command in '/home/fairytale/ros2_ws/src/munna_teleop' returned '0': PYTHONPATH=/home/fairytale/ros2_ws/build/munna_teleop/prefix_override:/usr/lib/python3/dist-packages/colcon_core/task/python/colcon_distutils_commands:/home/fairytale/ros2_ws/install/munna_teleop/lib/python3.10/site-packages:${PYTHONPATH} /usr/bin/python3 -W ignore:setup.py install is deprecated -W ignore:easy_install command is deprecated setup.py egg_info --egg-base ../../build/munna_teleop build --build-base /home/fairytale/ros2_ws/build/munna_teleop/build install --record /home/fairytale/ros2_ws/build/munna_teleop/install.log --single-version-externally-managed install_data
[3.631s] Level 1:colcon.colcon_core.environment:checking '/home/fairytale/ros2_ws/install/munna_teleop' for CMake config files
[3.631s] Level 1:colcon.colcon_core.environment:checking '/home/fairytale/ros2_ws/install/munna_teleop/lib'
[3.631s] Level 1:colcon.colcon_core.environment:checking '/home/fairytale/ros2_ws/install/munna_teleop/bin'
[3.631s] Level 1:colcon.colcon_core.environment:checking '/home/fairytale/ros2_ws/install/munna_teleop/lib/pkgconfig/munna_teleop.pc'
[3.631s] Level 1:colcon.colcon_core.environment:checking '/home/fairytale/ros2_ws/install/munna_teleop/lib/python3.10/site-packages'
[3.631s] Level 1:colcon.colcon_core.shell:create_environment_hook('munna_teleop', 'pythonpath')
[3.632s] INFO:colcon.colcon_core.shell:Creating environment hook '/home/fairytale/ros2_ws/install/munna_teleop/share/munna_teleop/hook/pythonpath.ps1'
[3.632s] INFO:colcon.colcon_core.shell:Creating environment descriptor '/home/fairytale/ros2_ws/install/munna_teleop/share/munna_teleop/hook/pythonpath.dsv'
[3.632s] INFO:colcon.colcon_core.shell:Creating environment hook '/home/fairytale/ros2_ws/install/munna_teleop/share/munna_teleop/hook/pythonpath.sh'
[3.632s] Level 1:colcon.colcon_core.environment:checking '/home/fairytale/ros2_ws/install/munna_teleop/bin'
[3.632s] Level 1:colcon.colcon_core.environment:create_environment_scripts_only(munna_teleop)
[3.633s] INFO:colcon.colcon_core.shell:Creating package script '/home/fairytale/ros2_ws/install/munna_teleop/share/munna_teleop/package.ps1'
[3.633s] INFO:colcon.colcon_core.shell:Creating package descriptor '/home/fairytale/ros2_ws/install/munna_teleop/share/munna_teleop/package.dsv'
[3.633s] INFO:colcon.colcon_core.shell:Creating package script '/home/fairytale/ros2_ws/install/munna_teleop/share/munna_teleop/package.sh'
[3.633s] INFO:colcon.colcon_core.shell:Creating package script '/home/fairytale/ros2_ws/install/munna_teleop/share/munna_teleop/package.bash'
[3.633s] INFO:colcon.colcon_core.shell:Creating package script '/home/fairytale/ros2_ws/install/munna_teleop/share/munna_teleop/package.zsh'
[3.634s] Level 1:colcon.colcon_core.environment:create_file_with_runtime_dependencies(/home/fairytale/ros2_ws/install/munna_teleop/share/colcon-core/packages/munna_teleop)
[3.634s] Level 1:colcon.colcon_core.environment:checking '/home/fairytale/ros2_ws/install/munna_robot' for CMake module files
[3.635s] DEBUG:colcon.colcon_core.event_handler.log_command:Invoked command in '/home/fairytale/ros2_ws/src/Relleno/munna_robot' returned '0': PYTHONPATH=/home/fairytale/ros2_ws/build/munna_robot/prefix_override:/usr/lib/python3/dist-packages/colcon_core/task/python/colcon_distutils_commands:/home/fairytale/ros2_ws/install/munna_robot/lib/python3.10/site-packages:${PYTHONPATH} /usr/bin/python3 -W ignore:setup.py install is deprecated -W ignore:easy_install command is deprecated setup.py egg_info --egg-base ../../../build/munna_robot build --build-base /home/fairytale/ros2_ws/build/munna_robot/build install --record /home/fairytale/ros2_ws/build/munna_robot/install.log --single-version-externally-managed install_data
[3.635s] Level 1:colcon.colcon_core.environment:checking '/home/fairytale/ros2_ws/install/munna_robot' for CMake config files
[3.635s] Level 1:colcon.colcon_core.environment:checking '/home/fairytale/ros2_ws/install/munna_robot/lib'
[3.635s] Level 1:colcon.colcon_core.environment:checking '/home/fairytale/ros2_ws/install/munna_robot/bin'
[3.635s] Level 1:colcon.colcon_core.shell:create_environment_hook('munna_robot', 'path')
[3.635s] INFO:colcon.colcon_core.shell:Creating environment hook '/home/fairytale/ros2_ws/install/munna_robot/share/munna_robot/hook/path.ps1'
[3.635s] INFO:colcon.colcon_core.shell:Creating environment descriptor '/home/fairytale/ros2_ws/install/munna_robot/share/munna_robot/hook/path.dsv'
[3.635s] INFO:colcon.colcon_core.shell:Creating environment hook '/home/fairytale/ros2_ws/install/munna_robot/share/munna_robot/hook/path.sh'
[3.636s] Level 1:colcon.colcon_core.environment:checking '/home/fairytale/ros2_ws/install/munna_robot/lib/pkgconfig/munna_robot.pc'
[3.636s] Level 1:colcon.colcon_core.environment:checking '/home/fairytale/ros2_ws/install/munna_robot/lib/python3.10/site-packages'
[3.636s] Level 1:colcon.colcon_core.shell:create_environment_hook('munna_robot', 'pythonpath')
[3.636s] INFO:colcon.colcon_core.shell:Creating environment hook '/home/fairytale/ros2_ws/install/munna_robot/share/munna_robot/hook/pythonpath.ps1'
[3.636s] INFO:colcon.colcon_core.shell:Creating environment descriptor '/home/fairytale/ros2_ws/install/munna_robot/share/munna_robot/hook/pythonpath.dsv'
[3.636s] INFO:colcon.colcon_core.shell:Creating environment hook '/home/fairytale/ros2_ws/install/munna_robot/share/munna_robot/hook/pythonpath.sh'
[3.637s] Level 1:colcon.colcon_core.environment:checking '/home/fairytale/ros2_ws/install/munna_robot/bin'
[3.637s] Level 1:colcon.colcon_core.shell:create_environment_hook('munna_robot', 'pythonscriptspath')
[3.637s] INFO:colcon.colcon_core.shell:Creating environment hook '/home/fairytale/ros2_ws/install/munna_robot/share/munna_robot/hook/pythonscriptspath.ps1'
[3.637s] INFO:colcon.colcon_core.shell:Creating environment descriptor '/home/fairytale/ros2_ws/install/munna_robot/share/munna_robot/hook/pythonscriptspath.dsv'
[3.637s] INFO:colcon.colcon_core.shell:Creating environment hook '/home/fairytale/ros2_ws/install/munna_robot/share/munna_robot/hook/pythonscriptspath.sh'
[3.637s] Level 1:colcon.colcon_core.environment:create_environment_scripts_only(munna_robot)
[3.637s] INFO:colcon.colcon_core.shell:Creating package script '/home/fairytale/ros2_ws/install/munna_robot/share/munna_robot/package.ps1'
[3.638s] INFO:colcon.colcon_core.shell:Creating package descriptor '/home/fairytale/ros2_ws/install/munna_robot/share/munna_robot/package.dsv'
[3.638s] INFO:colcon.colcon_core.shell:Creating package script '/home/fairytale/ros2_ws/install/munna_robot/share/munna_robot/package.sh'
[3.638s] INFO:colcon.colcon_core.shell:Creating package script '/home/fairytale/ros2_ws/install/munna_robot/share/munna_robot/package.bash'
[3.638s] INFO:colcon.colcon_core.shell:Creating package script '/home/fairytale/ros2_ws/install/munna_robot/share/munna_robot/package.zsh'
[3.639s] Level 1:colcon.colcon_core.environment:create_file_with_runtime_dependencies(/home/fairytale/ros2_ws/install/munna_robot/share/colcon-core/packages/munna_robot)
[5.059s] DEBUG:colcon.colcon_core.event_handler.log_command:Invoked command in '/home/fairytale/ros2_ws/build/teleop_twist_joy' returned '0': CMAKE_PREFIX_PATH=/home/fairytale/ros2_ws/install/munna_teleop:/opt/ros/humble /usr/bin/cmake /home/fairytale/ros2_ws/src/teleop_twist_joy -DCMAKE_INSTALL_PREFIX=/home/fairytale/ros2_ws/install/teleop_twist_joy
[5.060s] DEBUG:colcon.colcon_core.event_handler.log_command:Invoking command in '/home/fairytale/ros2_ws/build/teleop_twist_joy': CMAKE_PREFIX_PATH=/home/fairytale/ros2_ws/install/munna_teleop:/opt/ros/humble /usr/bin/cmake --build /home/fairytale/ros2_ws/build/teleop_twist_joy -- -j16 -l16
[5.738s] DEBUG:colcon.colcon_core.event_handler.log_command:Invoked command in '/home/fairytale/ros2_ws/build/micro_ros_agent' returned '2': CMAKE_PREFIX_PATH=/home/fairytale/ros2_ws/install/munna_teleop:/opt/ros/humble /usr/bin/cmake --build /home/fairytale/ros2_ws/build/micro_ros_agent -- -j16 -l16
[5.739s] Level 1:colcon.colcon_core.environment:create_environment_scripts_only(micro_ros_agent)
[5.739s] Level 1:colcon.colcon_core.environment:checking '/home/fairytale/ros2_ws/install/micro_ros_agent' for CMake module files
[5.739s] Level 1:colcon.colcon_core.environment:checking '/home/fairytale/ros2_ws/install/micro_ros_agent' for CMake config files
[5.739s] Level 1:colcon.colcon_core.environment:checking '/home/fairytale/ros2_ws/install/micro_ros_agent/bin'
[5.739s] Level 1:colcon.colcon_core.environment:checking '/home/fairytale/ros2_ws/install/micro_ros_agent/lib/pkgconfig/micro_ros_agent.pc'
[5.740s] Level 1:colcon.colcon_core.environment:checking '/home/fairytale/ros2_ws/install/micro_ros_agent/lib/python3.10/site-packages'
[5.740s] Level 1:colcon.colcon_core.environment:checking '/home/fairytale/ros2_ws/install/micro_ros_agent/bin'
[5.740s] INFO:colcon.colcon_core.shell:Creating package script '/home/fairytale/ros2_ws/install/micro_ros_agent/share/micro_ros_agent/package.ps1'
[5.741s] INFO:colcon.colcon_core.shell:Creating package descriptor '/home/fairytale/ros2_ws/install/micro_ros_agent/share/micro_ros_agent/package.dsv'
[5.741s] INFO:colcon.colcon_core.shell:Creating package script '/home/fairytale/ros2_ws/install/micro_ros_agent/share/micro_ros_agent/package.sh'
[5.741s] INFO:colcon.colcon_core.shell:Creating package script '/home/fairytale/ros2_ws/install/micro_ros_agent/share/micro_ros_agent/package.bash'
[5.741s] INFO:colcon.colcon_core.shell:Creating package script '/home/fairytale/ros2_ws/install/micro_ros_agent/share/micro_ros_agent/package.zsh'
[5.741s] Level 1:colcon.colcon_core.environment:create_file_with_runtime_dependencies(/home/fairytale/ros2_ws/install/micro_ros_agent/share/colcon-core/packages/micro_ros_agent)
[13.755s] DEBUG:colcon.colcon_parallel_executor.executor.parallel:closing loop
[13.755s] DEBUG:colcon.colcon_parallel_executor.executor.parallel:loop closed
[13.755s] DEBUG:colcon.colcon_parallel_executor.executor.parallel:run_until_complete finished with '2'
[13.755s] DEBUG:colcon.colcon_core.event_reactor:joining thread
[13.762s] INFO:colcon.colcon_core.plugin_system:Skipping extension 'colcon_notification.desktop_notification.terminal_notifier': Not used on non-Darwin systems
[13.762s] INFO:colcon.colcon_core.plugin_system:Skipping extension 'colcon_notification.desktop_notification.win32': Not used on non-Windows systems
[13.762s] INFO:colcon.colcon_notification.desktop_notification:Sending desktop notification using 'notify2'
[13.775s] DEBUG:colcon.colcon_core.event_reactor:joined thread
[13.776s] INFO:colcon.colcon_core.shell:Creating prefix script '/home/fairytale/ros2_ws/install/local_setup.ps1'
[13.777s] INFO:colcon.colcon_core.shell:Creating prefix util module '/home/fairytale/ros2_ws/install/_local_setup_util_ps1.py'
[13.781s] INFO:colcon.colcon_core.shell:Creating prefix chain script '/home/fairytale/ros2_ws/install/setup.ps1'
[13.782s] INFO:colcon.colcon_core.shell:Creating prefix script '/home/fairytale/ros2_ws/install/local_setup.sh'
[13.784s] INFO:colcon.colcon_core.shell:Creating prefix util module '/home/fairytale/ros2_ws/install/_local_setup_util_sh.py'
[13.784s] INFO:colcon.colcon_core.shell:Creating prefix chain script '/home/fairytale/ros2_ws/install/setup.sh'
[13.786s] INFO:colcon.colcon_core.shell:Creating prefix script '/home/fairytale/ros2_ws/install/local_setup.bash'
[13.787s] INFO:colcon.colcon_core.shell:Creating prefix chain script '/home/fairytale/ros2_ws/install/setup.bash'
[13.788s] INFO:colcon.colcon_core.shell:Creating prefix script '/home/fairytale/ros2_ws/install/local_setup.zsh'
[13.789s] INFO:colcon.colcon_core.shell:Creating prefix chain script '/home/fairytale/ros2_ws/install/setup.zsh'
