[2.415s] Invoking command in '/home/fairytale/ros2_ws/src/Relleno/minisumo_robot': PYTHONPATH=/home/fairytale/ros2_ws/build/minisumo_robot/prefix_override:/usr/lib/python3/dist-packages/colcon_core/task/python/colcon_distutils_commands:/home/fairytale/ros2_ws/install/minisumo_robot/lib/python3.10/site-packages:${PYTHONPATH} /usr/bin/python3 -W ignore:setup.py install is deprecated -W ignore:easy_install command is deprecated setup.py egg_info --egg-base ../../../build/minisumo_robot build --build-base /home/fairytale/ros2_ws/build/minisumo_robot/build install --record /home/fairytale/ros2_ws/build/minisumo_robot/install.log --single-version-externally-managed install_data
[2.572s] running egg_info
[2.573s] creating ../../../build/minisumo_robot/minisumo_robot.egg-info
[2.573s] writing ../../../build/minisumo_robot/minisumo_robot.egg-info/PKG-INFO
[2.574s] writing dependency_links to ../../../build/minisumo_robot/minisumo_robot.egg-info/dependency_links.txt
[2.574s] writing entry points to ../../../build/minisumo_robot/minisumo_robot.egg-info/entry_points.txt
[2.574s] writing requirements to ../../../build/minisumo_robot/minisumo_robot.egg-info/requires.txt
[2.574s] writing top-level names to ../../../build/minisumo_robot/minisumo_robot.egg-info/top_level.txt
[2.574s] writing manifest file '../../../build/minisumo_robot/minisumo_robot.egg-info/SOURCES.txt'
[2.575s] reading manifest file '../../../build/minisumo_robot/minisumo_robot.egg-info/SOURCES.txt'
[2.575s] writing manifest file '../../../build/minisumo_robot/minisumo_robot.egg-info/SOURCES.txt'
[2.575s] running build
[2.575s] running build_py
[2.575s] creating /home/fairytale/ros2_ws/build/minisumo_robot/build
[2.575s] creating /home/fairytale/ros2_ws/build/minisumo_robot/build/lib
[2.576s] creating /home/fairytale/ros2_ws/build/minisumo_robot/build/lib/minisumo_robot
[2.576s] copying minisumo_robot/autonomous_node.py -> /home/fairytale/ros2_ws/build/minisumo_robot/build/lib/minisumo_robot
[2.577s] copying minisumo_robot/motor_driver.py -> /home/fairytale/ros2_ws/build/minisumo_robot/build/lib/minisumo_robot
[2.578s] copying minisumo_robot/__init__.py -> /home/fairytale/ros2_ws/build/minisumo_robot/build/lib/minisumo_robot
[2.578s] copying minisumo_robot/mode_manager.py -> /home/fairytale/ros2_ws/build/minisumo_robot/build/lib/minisumo_robot
[2.585s] copying minisumo_robot/sensor_node.py -> /home/fairytale/ros2_ws/build/minisumo_robot/build/lib/minisumo_robot
[2.594s] copying minisumo_robot/teleop_node.py -> /home/fairytale/ros2_ws/build/minisumo_robot/build/lib/minisumo_robot
[2.600s] running install
[2.601s] running install_lib
[2.601s] creating /home/fairytale/ros2_ws/install/minisumo_robot/lib/python3.10/site-packages/minisumo_robot
[2.601s] copying /home/fairytale/ros2_ws/build/minisumo_robot/build/lib/minisumo_robot/autonomous_node.py -> /home/fairytale/ros2_ws/install/minisumo_robot/lib/python3.10/site-packages/minisumo_robot
[2.601s] copying /home/fairytale/ros2_ws/build/minisumo_robot/build/lib/minisumo_robot/motor_driver.py -> /home/fairytale/ros2_ws/install/minisumo_robot/lib/python3.10/site-packages/minisumo_robot
[2.601s] copying /home/fairytale/ros2_ws/build/minisumo_robot/build/lib/minisumo_robot/__init__.py -> /home/fairytale/ros2_ws/install/minisumo_robot/lib/python3.10/site-packages/minisumo_robot
[2.601s] copying /home/fairytale/ros2_ws/build/minisumo_robot/build/lib/minisumo_robot/mode_manager.py -> /home/fairytale/ros2_ws/install/minisumo_robot/lib/python3.10/site-packages/minisumo_robot
[2.602s] copying /home/fairytale/ros2_ws/build/minisumo_robot/build/lib/minisumo_robot/sensor_node.py -> /home/fairytale/ros2_ws/install/minisumo_robot/lib/python3.10/site-packages/minisumo_robot
[2.602s] copying /home/fairytale/ros2_ws/build/minisumo_robot/build/lib/minisumo_robot/teleop_node.py -> /home/fairytale/ros2_ws/install/minisumo_robot/lib/python3.10/site-packages/minisumo_robot
[2.602s] byte-compiling /home/fairytale/ros2_ws/install/minisumo_robot/lib/python3.10/site-packages/minisumo_robot/autonomous_node.py to autonomous_node.cpython-310.pyc
[2.602s] byte-compiling /home/fairytale/ros2_ws/install/minisumo_robot/lib/python3.10/site-packages/minisumo_robot/motor_driver.py to motor_driver.cpython-310.pyc
[2.603s] byte-compiling /home/fairytale/ros2_ws/install/minisumo_robot/lib/python3.10/site-packages/minisumo_robot/__init__.py to __init__.cpython-310.pyc
[2.603s] byte-compiling /home/fairytale/ros2_ws/install/minisumo_robot/lib/python3.10/site-packages/minisumo_robot/mode_manager.py to mode_manager.cpython-310.pyc
[2.604s] byte-compiling /home/fairytale/ros2_ws/install/minisumo_robot/lib/python3.10/site-packages/minisumo_robot/sensor_node.py to sensor_node.cpython-310.pyc
[2.604s] byte-compiling /home/fairytale/ros2_ws/install/minisumo_robot/lib/python3.10/site-packages/minisumo_robot/teleop_node.py to teleop_node.cpython-310.pyc
[2.605s] running install_data
[2.605s] creating /home/fairytale/ros2_ws/install/minisumo_robot/share/ament_index
[2.605s] creating /home/fairytale/ros2_ws/install/minisumo_robot/share/ament_index/resource_index
[2.605s] creating /home/fairytale/ros2_ws/install/minisumo_robot/share/ament_index/resource_index/packages
[2.605s] copying resource/minisumo_robot -> /home/fairytale/ros2_ws/install/minisumo_robot/share/ament_index/resource_index/packages
[2.605s] copying package.xml -> /home/fairytale/ros2_ws/install/minisumo_robot/share/minisumo_robot
[2.605s] creating /home/fairytale/ros2_ws/install/minisumo_robot/share/minisumo_robot/launch
[2.605s] copying launch/minisumo.launch.py -> /home/fairytale/ros2_ws/install/minisumo_robot/share/minisumo_robot/launch
[2.606s] creating /home/fairytale/ros2_ws/install/minisumo_robot/share/minisumo_robot/config
[2.606s] copying config/minisumo_params.yaml -> /home/fairytale/ros2_ws/install/minisumo_robot/share/minisumo_robot/config
[2.607s] running install_egg_info
[2.608s] Copying ../../../build/minisumo_robot/minisumo_robot.egg-info to /home/fairytale/ros2_ws/install/minisumo_robot/lib/python3.10/site-packages/minisumo_robot-1.0.0-py3.10.egg-info
[2.608s] running install_scripts
[2.623s] Installing autonomous_node script to /home/fairytale/ros2_ws/install/minisumo_robot/bin
[2.623s] Installing mode_manager script to /home/fairytale/ros2_ws/install/minisumo_robot/bin
[2.623s] Installing motor_driver script to /home/fairytale/ros2_ws/install/minisumo_robot/bin
[2.623s] Installing sensor_node script to /home/fairytale/ros2_ws/install/minisumo_robot/bin
[2.623s] Installing teleop_node script to /home/fairytale/ros2_ws/install/minisumo_robot/bin
[2.624s] writing list of installed files to '/home/fairytale/ros2_ws/build/minisumo_robot/install.log'
[2.649s] Invoked command in '/home/fairytale/ros2_ws/src/Relleno/minisumo_robot' returned '0': PYTHONPATH=/home/fairytale/ros2_ws/build/minisumo_robot/prefix_override:/usr/lib/python3/dist-packages/colcon_core/task/python/colcon_distutils_commands:/home/fairytale/ros2_ws/install/minisumo_robot/lib/python3.10/site-packages:${PYTHONPATH} /usr/bin/python3 -W ignore:setup.py install is deprecated -W ignore:easy_install command is deprecated setup.py egg_info --egg-base ../../../build/minisumo_robot build --build-base /home/fairytale/ros2_ws/build/minisumo_robot/build install --record /home/fairytale/ros2_ws/build/minisumo_robot/install.log --single-version-externally-managed install_data
