running egg_info
writing ../../build/munna_teleop/munna_teleop.egg-info/PKG-INFO
writing dependency_links to ../../build/munna_teleop/munna_teleop.egg-info/dependency_links.txt
writing entry points to ../../build/munna_teleop/munna_teleop.egg-info/entry_points.txt
writing requirements to ../../build/munna_teleop/munna_teleop.egg-info/requires.txt
writing top-level names to ../../build/munna_teleop/munna_teleop.egg-info/top_level.txt
reading manifest file '../../build/munna_teleop/munna_teleop.egg-info/SOURCES.txt'
adding license file 'LICENSE'
writing manifest file '../../build/munna_teleop/munna_teleop.egg-info/SOURCES.txt'
running build
running build_py
running install
running install_lib
running install_data
running install_egg_info
removing '/home/fairytale/ros2_ws/install/munna_teleop/lib/python3.10/site-packages/munna_teleop-0.1.0-py3.10.egg-info' (and everything under it)
Copying ../../build/munna_teleop/munna_teleop.egg-info to /home/fairytale/ros2_ws/install/munna_teleop/lib/python3.10/site-packages/munna_teleop-0.1.0-py3.10.egg-info
running install_scripts
Installing autonomous_node script to /home/fairytale/ros2_ws/install/munna_teleop/lib/munna_teleop
Installing mode_manager script to /home/fairytale/ros2_ws/install/munna_teleop/lib/munna_teleop
Installing teleop_node script to /home/fairytale/ros2_ws/install/munna_teleop/lib/munna_teleop
writing list of installed files to '/home/fairytale/ros2_ws/build/munna_teleop/install.log'
