[0.360s] Invoking command in '/home/fairytale/ros2_ws/src/munna_teleop': PYTHONPATH=/home/fairytale/ros2_ws/src/munna_teleop/build/munna_teleop/prefix_override:/usr/lib/python3/dist-packages/colcon_core/task/python/colcon_distutils_commands:/home/fairytale/ros2_ws/src/munna_teleop/install/munna_teleop/lib/python3.10/site-packages:${PYTHONPATH} /usr/bin/python3 -W ignore:setup.py install is deprecated -W ignore:easy_install command is deprecated setup.py egg_info --egg-base build/munna_teleop build --build-base /home/fairytale/ros2_ws/src/munna_teleop/build/munna_teleop/build install --record /home/fairytale/ros2_ws/src/munna_teleop/build/munna_teleop/install.log --single-version-externally-managed install_data
[0.494s] running egg_info
[0.494s] creating build/munna_teleop/munna_teleop.egg-info
[0.494s] writing build/munna_teleop/munna_teleop.egg-info/PKG-INFO
[0.494s] writing dependency_links to build/munna_teleop/munna_teleop.egg-info/dependency_links.txt
[0.495s] writing entry points to build/munna_teleop/munna_teleop.egg-info/entry_points.txt
[0.495s] writing requirements to build/munna_teleop/munna_teleop.egg-info/requires.txt
[0.495s] writing top-level names to build/munna_teleop/munna_teleop.egg-info/top_level.txt
[0.495s] writing manifest file 'build/munna_teleop/munna_teleop.egg-info/SOURCES.txt'
[0.496s] reading manifest file 'build/munna_teleop/munna_teleop.egg-info/SOURCES.txt'
[0.496s] adding license file 'LICENSE'
[0.496s] writing manifest file 'build/munna_teleop/munna_teleop.egg-info/SOURCES.txt'
[0.496s] running build
[0.496s] running build_py
[0.496s] creating /home/fairytale/ros2_ws/src/munna_teleop/build/munna_teleop/build
[0.496s] creating /home/fairytale/ros2_ws/src/munna_teleop/build/munna_teleop/build/lib
[0.496s] creating /home/fairytale/ros2_ws/src/munna_teleop/build/munna_teleop/build/lib/munna_teleop
[0.496s] copying munna_teleop/autonomous_node.py -> /home/fairytale/ros2_ws/src/munna_teleop/build/munna_teleop/build/lib/munna_teleop
[0.496s] copying munna_teleop/__init__.py -> /home/fairytale/ros2_ws/src/munna_teleop/build/munna_teleop/build/lib/munna_teleop
[0.496s] copying munna_teleop/mode_manager.py -> /home/fairytale/ros2_ws/src/munna_teleop/build/munna_teleop/build/lib/munna_teleop
[0.496s] copying munna_teleop/teleop_node.py -> /home/fairytale/ros2_ws/src/munna_teleop/build/munna_teleop/build/lib/munna_teleop
[0.496s] running install
[0.497s] running install_lib
[0.497s] creating /home/fairytale/ros2_ws/src/munna_teleop/install/munna_teleop/lib/python3.10/site-packages/munna_teleop
[0.497s] copying /home/fairytale/ros2_ws/src/munna_teleop/build/munna_teleop/build/lib/munna_teleop/autonomous_node.py -> /home/fairytale/ros2_ws/src/munna_teleop/install/munna_teleop/lib/python3.10/site-packages/munna_teleop
[0.497s] copying /home/fairytale/ros2_ws/src/munna_teleop/build/munna_teleop/build/lib/munna_teleop/__init__.py -> /home/fairytale/ros2_ws/src/munna_teleop/install/munna_teleop/lib/python3.10/site-packages/munna_teleop
[0.497s] copying /home/fairytale/ros2_ws/src/munna_teleop/build/munna_teleop/build/lib/munna_teleop/mode_manager.py -> /home/fairytale/ros2_ws/src/munna_teleop/install/munna_teleop/lib/python3.10/site-packages/munna_teleop
[0.497s] copying /home/fairytale/ros2_ws/src/munna_teleop/build/munna_teleop/build/lib/munna_teleop/teleop_node.py -> /home/fairytale/ros2_ws/src/munna_teleop/install/munna_teleop/lib/python3.10/site-packages/munna_teleop
[0.497s] byte-compiling /home/fairytale/ros2_ws/src/munna_teleop/install/munna_teleop/lib/python3.10/site-packages/munna_teleop/autonomous_node.py to autonomous_node.cpython-310.pyc
[0.498s] byte-compiling /home/fairytale/ros2_ws/src/munna_teleop/install/munna_teleop/lib/python3.10/site-packages/munna_teleop/__init__.py to __init__.cpython-310.pyc
[0.499s] byte-compiling /home/fairytale/ros2_ws/src/munna_teleop/install/munna_teleop/lib/python3.10/site-packages/munna_teleop/mode_manager.py to mode_manager.cpython-310.pyc
[0.499s] byte-compiling /home/fairytale/ros2_ws/src/munna_teleop/install/munna_teleop/lib/python3.10/site-packages/munna_teleop/teleop_node.py to teleop_node.cpython-310.pyc
[0.499s] running install_data
[0.499s] creating /home/fairytale/ros2_ws/src/munna_teleop/install/munna_teleop/share
[0.500s] creating /home/fairytale/ros2_ws/src/munna_teleop/install/munna_teleop/share/ament_index
[0.500s] creating /home/fairytale/ros2_ws/src/munna_teleop/install/munna_teleop/share/ament_index/resource_index
[0.500s] creating /home/fairytale/ros2_ws/src/munna_teleop/install/munna_teleop/share/ament_index/resource_index/packages
[0.500s] copying resource/munna_teleop -> /home/fairytale/ros2_ws/src/munna_teleop/install/munna_teleop/share/ament_index/resource_index/packages
[0.500s] creating /home/fairytale/ros2_ws/src/munna_teleop/install/munna_teleop/share/munna_teleop
[0.500s] copying package.xml -> /home/fairytale/ros2_ws/src/munna_teleop/install/munna_teleop/share/munna_teleop
[0.500s] creating /home/fairytale/ros2_ws/src/munna_teleop/install/munna_teleop/share/munna_teleop/launch
[0.500s] copying launch/munna_teleop.launch.py -> /home/fairytale/ros2_ws/src/munna_teleop/install/munna_teleop/share/munna_teleop/launch
[0.500s] running install_egg_info
[0.501s] Copying build/munna_teleop/munna_teleop.egg-info to /home/fairytale/ros2_ws/src/munna_teleop/install/munna_teleop/lib/python3.10/site-packages/munna_teleop-0.1.0-py3.10.egg-info
[0.501s] running install_scripts
[0.513s] Installing autonomous_node script to /home/fairytale/ros2_ws/src/munna_teleop/install/munna_teleop/lib/munna_teleop
[0.513s] Installing mode_manager script to /home/fairytale/ros2_ws/src/munna_teleop/install/munna_teleop/lib/munna_teleop
[0.513s] Installing teleop_node script to /home/fairytale/ros2_ws/src/munna_teleop/install/munna_teleop/lib/munna_teleop
[0.514s] writing list of installed files to '/home/fairytale/ros2_ws/src/munna_teleop/build/munna_teleop/install.log'
[0.529s] Invoked command in '/home/fairytale/ros2_ws/src/munna_teleop' returned '0': PYTHONPATH=/home/fairytale/ros2_ws/src/munna_teleop/build/munna_teleop/prefix_override:/usr/lib/python3/dist-packages/colcon_core/task/python/colcon_distutils_commands:/home/fairytale/ros2_ws/src/munna_teleop/install/munna_teleop/lib/python3.10/site-packages:${PYTHONPATH} /usr/bin/python3 -W ignore:setup.py install is deprecated -W ignore:easy_install command is deprecated setup.py egg_info --egg-base build/munna_teleop build --build-base /home/fairytale/ros2_ws/src/munna_teleop/build/munna_teleop/build install --record /home/fairytale/ros2_ws/src/munna_teleop/build/munna_teleop/install.log --single-version-externally-managed install_data
