/home/fairytale/ros2_ws/install/minisumo_robot/lib/python3.10/site-packages/minisumo_robot/autonomous_node.py
/home/fairytale/ros2_ws/install/minisumo_robot/lib/python3.10/site-packages/minisumo_robot/motor_driver.py
/home/fairytale/ros2_ws/install/minisumo_robot/lib/python3.10/site-packages/minisumo_robot/__init__.py
/home/fairytale/ros2_ws/install/minisumo_robot/lib/python3.10/site-packages/minisumo_robot/mode_manager.py
/home/fairytale/ros2_ws/install/minisumo_robot/lib/python3.10/site-packages/minisumo_robot/sensor_node.py
/home/fairytale/ros2_ws/install/minisumo_robot/lib/python3.10/site-packages/minisumo_robot/teleop_node.py
/home/fairytale/ros2_ws/install/minisumo_robot/lib/python3.10/site-packages/minisumo_robot/__pycache__/autonomous_node.cpython-310.pyc
/home/fairytale/ros2_ws/install/minisumo_robot/lib/python3.10/site-packages/minisumo_robot/__pycache__/motor_driver.cpython-310.pyc
/home/fairytale/ros2_ws/install/minisumo_robot/lib/python3.10/site-packages/minisumo_robot/__pycache__/__init__.cpython-310.pyc
/home/fairytale/ros2_ws/install/minisumo_robot/lib/python3.10/site-packages/minisumo_robot/__pycache__/mode_manager.cpython-310.pyc
/home/fairytale/ros2_ws/install/minisumo_robot/lib/python3.10/site-packages/minisumo_robot/__pycache__/sensor_node.cpython-310.pyc
/home/fairytale/ros2_ws/install/minisumo_robot/lib/python3.10/site-packages/minisumo_robot/__pycache__/teleop_node.cpython-310.pyc
/home/fairytale/ros2_ws/install/minisumo_robot/share/ament_index/resource_index/packages/minisumo_robot
/home/fairytale/ros2_ws/install/minisumo_robot/share/minisumo_robot/package.xml
/home/fairytale/ros2_ws/install/minisumo_robot/share/minisumo_robot/launch/minisumo.launch.py
/home/fairytale/ros2_ws/install/minisumo_robot/share/minisumo_robot/config/minisumo_params.yaml
/home/fairytale/ros2_ws/install/minisumo_robot/lib/python3.10/site-packages/minisumo_robot-1.0.0-py3.10.egg-info/requires.txt
/home/fairytale/ros2_ws/install/minisumo_robot/lib/python3.10/site-packages/minisumo_robot-1.0.0-py3.10.egg-info/top_level.txt
/home/fairytale/ros2_ws/install/minisumo_robot/lib/python3.10/site-packages/minisumo_robot-1.0.0-py3.10.egg-info/SOURCES.txt
/home/fairytale/ros2_ws/install/minisumo_robot/lib/python3.10/site-packages/minisumo_robot-1.0.0-py3.10.egg-info/PKG-INFO
/home/fairytale/ros2_ws/install/minisumo_robot/lib/python3.10/site-packages/minisumo_robot-1.0.0-py3.10.egg-info/zip-safe
/home/fairytale/ros2_ws/install/minisumo_robot/lib/python3.10/site-packages/minisumo_robot-1.0.0-py3.10.egg-info/dependency_links.txt
/home/fairytale/ros2_ws/install/minisumo_robot/lib/python3.10/site-packages/minisumo_robot-1.0.0-py3.10.egg-info/entry_points.txt
/home/fairytale/ros2_ws/install/minisumo_robot/bin/autonomous_node
/home/fairytale/ros2_ws/install/minisumo_robot/bin/mode_manager
/home/fairytale/ros2_ws/install/minisumo_robot/bin/motor_driver
/home/fairytale/ros2_ws/install/minisumo_robot/bin/sensor_node
/home/fairytale/ros2_ws/install/minisumo_robot/bin/teleop_node
