[0.402s] Invoking command in '/home/fairytale/ros2_ws/src/munna_teleop': PYTHONPATH=/home/fairytale/ros2_ws/build/munna_teleop/prefix_override:/usr/lib/python3/dist-packages/colcon_core/task/python/colcon_distutils_commands:/home/fairytale/ros2_ws/install/munna_teleop/lib/python3.10/site-packages:${PYTHONPATH} /usr/bin/python3 -W ignore:setup.py install is deprecated -W ignore:easy_install command is deprecated setup.py egg_info --egg-base ../../build/munna_teleop build --build-base /home/fairytale/ros2_ws/build/munna_teleop/build install --record /home/fairytale/ros2_ws/build/munna_teleop/install.log --single-version-externally-managed install_data
[0.560s] running egg_info
[0.560s] writing ../../build/munna_teleop/munna_teleop.egg-info/PKG-INFO
[0.560s] writing dependency_links to ../../build/munna_teleop/munna_teleop.egg-info/dependency_links.txt
[0.561s] writing entry points to ../../build/munna_teleop/munna_teleop.egg-info/entry_points.txt
[0.561s] writing requirements to ../../build/munna_teleop/munna_teleop.egg-info/requires.txt
[0.561s] writing top-level names to ../../build/munna_teleop/munna_teleop.egg-info/top_level.txt
[0.562s] reading manifest file '../../build/munna_teleop/munna_teleop.egg-info/SOURCES.txt'
[0.562s] adding license file 'LICENSE'
[0.562s] writing manifest file '../../build/munna_teleop/munna_teleop.egg-info/SOURCES.txt'
[0.563s] running build
[0.563s] running build_py
[0.563s] copying munna_teleop/autonomous_node.py -> /home/fairytale/ros2_ws/build/munna_teleop/build/lib/munna_teleop
[0.563s] running install
[0.563s] running install_lib
[0.563s] copying /home/fairytale/ros2_ws/build/munna_teleop/build/lib/munna_teleop/autonomous_node.py -> /home/fairytale/ros2_ws/install/munna_teleop/lib/python3.10/site-packages/munna_teleop
[0.564s] byte-compiling /home/fairytale/ros2_ws/install/munna_teleop/lib/python3.10/site-packages/munna_teleop/autonomous_node.py to autonomous_node.cpython-310.pyc
[0.565s] running install_data
[0.565s] running install_egg_info
[0.566s] removing '/home/fairytale/ros2_ws/install/munna_teleop/lib/python3.10/site-packages/munna_teleop-0.1.0-py3.10.egg-info' (and everything under it)
[0.566s] Copying ../../build/munna_teleop/munna_teleop.egg-info to /home/fairytale/ros2_ws/install/munna_teleop/lib/python3.10/site-packages/munna_teleop-0.1.0-py3.10.egg-info
[0.567s] running install_scripts
[0.581s] Installing autonomous_node script to /home/fairytale/ros2_ws/install/munna_teleop/lib/munna_teleop
[0.581s] Installing mode_manager script to /home/fairytale/ros2_ws/install/munna_teleop/lib/munna_teleop
[0.581s] Installing teleop_node script to /home/fairytale/ros2_ws/install/munna_teleop/lib/munna_teleop
[0.581s] writing list of installed files to '/home/fairytale/ros2_ws/build/munna_teleop/install.log'
[0.600s] Invoked command in '/home/fairytale/ros2_ws/src/munna_teleop' returned '0': PYTHONPATH=/home/fairytale/ros2_ws/build/munna_teleop/prefix_override:/usr/lib/python3/dist-packages/colcon_core/task/python/colcon_distutils_commands:/home/fairytale/ros2_ws/install/munna_teleop/lib/python3.10/site-packages:${PYTHONPATH} /usr/bin/python3 -W ignore:setup.py install is deprecated -W ignore:easy_install command is deprecated setup.py egg_info --egg-base ../../build/munna_teleop build --build-base /home/fairytale/ros2_ws/build/munna_teleop/build install --record /home/fairytale/ros2_ws/build/munna_teleop/install.log --single-version-externally-managed install_data
