[2.432s] Invoking command in '/home/fairytale/ros2_ws/src/Relleno/learning_tf2': PYTHONPATH=/home/fairytale/ros2_ws/build/learning_tf2/prefix_override:/usr/lib/python3/dist-packages/colcon_core/task/python/colcon_distutils_commands:/home/fairytale/ros2_ws/install/learning_tf2/lib/python3.10/site-packages:${PYTHONPATH} /usr/bin/python3 -W ignore:setup.py install is deprecated -W ignore:easy_install command is deprecated setup.py egg_info --egg-base ../../../build/learning_tf2 build --build-base /home/fairytale/ros2_ws/build/learning_tf2/build install --record /home/fairytale/ros2_ws/build/learning_tf2/install.log --single-version-externally-managed install_data
[2.588s] running egg_info
[2.589s] creating ../../../build/learning_tf2/learning_tf2.egg-info
[2.589s] writing ../../../build/learning_tf2/learning_tf2.egg-info/PKG-INFO
[2.589s] writing dependency_links to ../../../build/learning_tf2/learning_tf2.egg-info/dependency_links.txt
[2.589s] writing entry points to ../../../build/learning_tf2/learning_tf2.egg-info/entry_points.txt
[2.589s] writing requirements to ../../../build/learning_tf2/learning_tf2.egg-info/requires.txt
[2.589s] writing top-level names to ../../../build/learning_tf2/learning_tf2.egg-info/top_level.txt
[2.590s] writing manifest file '../../../build/learning_tf2/learning_tf2.egg-info/SOURCES.txt'
[2.591s] reading manifest file '../../../build/learning_tf2/learning_tf2.egg-info/SOURCES.txt'
[2.591s] writing manifest file '../../../build/learning_tf2/learning_tf2.egg-info/SOURCES.txt'
[2.591s] running build
[2.591s] running build_py
[2.591s] creating /home/fairytale/ros2_ws/build/learning_tf2/build
[2.591s] creating /home/fairytale/ros2_ws/build/learning_tf2/build/lib
[2.591s] creating /home/fairytale/ros2_ws/build/learning_tf2/build/lib/learning_tf2
[2.592s] copying learning_tf2/turtle_tf2_listener.py -> /home/fairytale/ros2_ws/build/learning_tf2/build/lib/learning_tf2
[2.595s] copying learning_tf2/__init__.py -> /home/fairytale/ros2_ws/build/learning_tf2/build/lib/learning_tf2
[2.595s] copying learning_tf2/turtle_tf2_broadcaster.py -> /home/fairytale/ros2_ws/build/learning_tf2/build/lib/learning_tf2
[2.596s] running install
[2.596s] running install_lib
[2.597s] creating /home/fairytale/ros2_ws/install/learning_tf2/lib/python3.10/site-packages/learning_tf2
[2.597s] copying /home/fairytale/ros2_ws/build/learning_tf2/build/lib/learning_tf2/turtle_tf2_listener.py -> /home/fairytale/ros2_ws/install/learning_tf2/lib/python3.10/site-packages/learning_tf2
[2.597s] copying /home/fairytale/ros2_ws/build/learning_tf2/build/lib/learning_tf2/__init__.py -> /home/fairytale/ros2_ws/install/learning_tf2/lib/python3.10/site-packages/learning_tf2
[2.597s] copying /home/fairytale/ros2_ws/build/learning_tf2/build/lib/learning_tf2/turtle_tf2_broadcaster.py -> /home/fairytale/ros2_ws/install/learning_tf2/lib/python3.10/site-packages/learning_tf2
[2.598s] byte-compiling /home/fairytale/ros2_ws/install/learning_tf2/lib/python3.10/site-packages/learning_tf2/turtle_tf2_listener.py to turtle_tf2_listener.cpython-310.pyc
[2.599s] byte-compiling /home/fairytale/ros2_ws/install/learning_tf2/lib/python3.10/site-packages/learning_tf2/__init__.py to __init__.cpython-310.pyc
[2.599s] byte-compiling /home/fairytale/ros2_ws/install/learning_tf2/lib/python3.10/site-packages/learning_tf2/turtle_tf2_broadcaster.py to turtle_tf2_broadcaster.cpython-310.pyc
[2.600s] running install_data
[2.600s] creating /home/fairytale/ros2_ws/install/learning_tf2/share/ament_index
[2.600s] creating /home/fairytale/ros2_ws/install/learning_tf2/share/ament_index/resource_index
[2.600s] creating /home/fairytale/ros2_ws/install/learning_tf2/share/ament_index/resource_index/packages
[2.600s] copying resource/learning_tf2 -> /home/fairytale/ros2_ws/install/learning_tf2/share/ament_index/resource_index/packages
[2.600s] copying package.xml -> /home/fairytale/ros2_ws/install/learning_tf2/share/learning_tf2
[2.600s] running install_egg_info
[2.602s] Copying ../../../build/learning_tf2/learning_tf2.egg-info to /home/fairytale/ros2_ws/install/learning_tf2/lib/python3.10/site-packages/learning_tf2-0.0.0-py3.10.egg-info
[2.603s] running install_scripts
[2.621s] Installing turtle_tf2_broadcaster script to /home/fairytale/ros2_ws/install/learning_tf2/lib/learning_tf2
[2.621s] Installing turtle_tf2_listener script to /home/fairytale/ros2_ws/install/learning_tf2/lib/learning_tf2
[2.622s] writing list of installed files to '/home/fairytale/ros2_ws/build/learning_tf2/install.log'
[2.640s] Invoked command in '/home/fairytale/ros2_ws/src/Relleno/learning_tf2' returned '0': PYTHONPATH=/home/fairytale/ros2_ws/build/learning_tf2/prefix_override:/usr/lib/python3/dist-packages/colcon_core/task/python/colcon_distutils_commands:/home/fairytale/ros2_ws/install/learning_tf2/lib/python3.10/site-packages:${PYTHONPATH} /usr/bin/python3 -W ignore:setup.py install is deprecated -W ignore:easy_install command is deprecated setup.py egg_info --egg-base ../../../build/learning_tf2 build --build-base /home/fairytale/ros2_ws/build/learning_tf2/build install --record /home/fairytale/ros2_ws/build/learning_tf2/install.log --single-version-externally-managed install_data
