/home/fairytale/ros2_ws/install/munna_robot/lib/python3.10/site-packages/munna_robot/munna_autonomo.py
/home/fairytale/ros2_ws/install/munna_robot/lib/python3.10/site-packages/munna_robot/munna_teleop.py
/home/fairytale/ros2_ws/install/munna_robot/lib/python3.10/site-packages/munna_robot/__init__.py
/home/fairytale/ros2_ws/install/munna_robot/lib/python3.10/site-packages/munna_robot/munna_mode_manager.py
/home/fairytale/ros2_ws/install/munna_robot/lib/python3.10/site-packages/munna_robot/__pycache__/munna_autonomo.cpython-310.pyc
/home/fairytale/ros2_ws/install/munna_robot/lib/python3.10/site-packages/munna_robot/__pycache__/munna_teleop.cpython-310.pyc
/home/fairytale/ros2_ws/install/munna_robot/lib/python3.10/site-packages/munna_robot/__pycache__/__init__.cpython-310.pyc
/home/fairytale/ros2_ws/install/munna_robot/lib/python3.10/site-packages/munna_robot/__pycache__/munna_mode_manager.cpython-310.pyc
/home/fairytale/ros2_ws/install/munna_robot/share/ament_index/resource_index/packages/munna_robot
/home/fairytale/ros2_ws/install/munna_robot/share/munna_robot/package.xml
/home/fairytale/ros2_ws/install/munna_robot/share/munna_robot/launch/munna.launch.py
/home/fairytale/ros2_ws/install/munna_robot/share/munna_robot/config/munna_params.yaml
/home/fairytale/ros2_ws/install/munna_robot/lib/python3.10/site-packages/munna_robot-1.0.0-py3.10.egg-info/requires.txt
/home/fairytale/ros2_ws/install/munna_robot/lib/python3.10/site-packages/munna_robot-1.0.0-py3.10.egg-info/top_level.txt
/home/fairytale/ros2_ws/install/munna_robot/lib/python3.10/site-packages/munna_robot-1.0.0-py3.10.egg-info/SOURCES.txt
/home/fairytale/ros2_ws/install/munna_robot/lib/python3.10/site-packages/munna_robot-1.0.0-py3.10.egg-info/PKG-INFO
/home/fairytale/ros2_ws/install/munna_robot/lib/python3.10/site-packages/munna_robot-1.0.0-py3.10.egg-info/zip-safe
/home/fairytale/ros2_ws/install/munna_robot/lib/python3.10/site-packages/munna_robot-1.0.0-py3.10.egg-info/dependency_links.txt
/home/fairytale/ros2_ws/install/munna_robot/lib/python3.10/site-packages/munna_robot-1.0.0-py3.10.egg-info/entry_points.txt
/home/fairytale/ros2_ws/install/munna_robot/bin/munna_autonomo
/home/fairytale/ros2_ws/install/munna_robot/bin/munna_mode_manager
/home/fairytale/ros2_ws/install/munna_robot/bin/munna_teleop
