[0.061s] DEBUG:colcon:Command line arguments: ['/usr/bin/colcon', 'build']
[0.061s] DEBUG:colcon:Parsed command line arguments: Namespace(log_base=None, log_level=None, verb_name='build', build_base='build', install_base='install', merge_install=False, symlink_install=False, test_result_base=None, continue_on_error=False, executor='parallel', parallel_workers=16, event_handlers=None, ignore_user_meta=False, metas=['./colcon.meta'], base_paths=['.'], packages_ignore=None, packages_ignore_regex=None, paths=None, packages_up_to=None, packages_up_to_regex=None, packages_above=None, packages_above_and_dependencies=None, packages_above_depth=None, packages_select_by_dep=None, packages_skip_by_dep=None, packages_skip_up_to=None, packages_select_build_failed=False, packages_skip_build_finished=False, packages_select_test_failures=False, packages_skip_test_passed=False, packages_select=None, packages_skip=None, packages_select_regex=None, packages_skip_regex=None, packages_start=None, packages_end=None, allow_overriding=[], cmake_args=None, cmake_target=None, cmake_target_skip_unavailable=False, cmake_clean_cache=False, cmake_clean_first=False, cmake_force_configure=False, ament_cmake_args=None, catkin_cmake_args=None, catkin_skip_building_tests=False, mixin_files=None, mixin=None, verb_parser=<colcon_mixin.mixin.mixin_argument.MixinArgumentDecorator object at 0x76ad10627160>, verb_extension=<colcon_core.verb.build.BuildVerb object at 0x76ad10626c20>, main=<bound method BuildVerb.main of <colcon_core.verb.build.BuildVerb object at 0x76ad10626c20>>, mixin_verb=('build',))
[0.156s] Level 1:colcon.colcon_core.package_discovery:discover_packages(colcon_meta) check parameters
[0.156s] Level 1:colcon.colcon_core.package_discovery:discover_packages(recursive) check parameters
[0.156s] Level 1:colcon.colcon_core.package_discovery:discover_packages(ignore) check parameters
[0.156s] Level 1:colcon.colcon_core.package_discovery:discover_packages(path) check parameters
[0.156s] Level 1:colcon.colcon_core.package_discovery:discover_packages(colcon_meta) discover
[0.156s] Level 1:colcon.colcon_core.package_discovery:discover_packages(recursive) discover
[0.157s] INFO:colcon.colcon_core.package_discovery:Crawling recursively for packages in '/home/fairytale/ros2_ws/src/munna_teleop'
[0.157s] Level 1:colcon.colcon_core.package_identification:_identify(.) by extensions ['ignore', 'ignore_ament_install']
[0.157s] Level 1:colcon.colcon_core.package_identification:_identify(.) by extension 'ignore'
[0.157s] Level 1:colcon.colcon_core.package_identification:_identify(.) by extension 'ignore_ament_install'
[0.157s] Level 1:colcon.colcon_core.package_identification:_identify(.) by extensions ['colcon_pkg']
[0.157s] Level 1:colcon.colcon_core.package_identification:_identify(.) by extension 'colcon_pkg'
[0.157s] Level 1:colcon.colcon_core.package_identification:_identify(.) by extensions ['colcon_meta']
[0.160s] Level 1:colcon.colcon_core.package_identification:_identify(.) by extension 'colcon_meta'
[0.160s] Level 1:colcon.colcon_core.package_identification:_identify(.) by extensions ['ros']
[0.160s] Level 1:colcon.colcon_core.package_identification:_identify(.) by extension 'ros'
[0.168s] DEBUG:colcon.colcon_core.package_identification:Found ROS schema reference in package manifest in '.'
[0.168s] WARNING:colcon.colcon_core.package_identification:Failed to parse ROS package manifest in '.': Error(s) in package './package.xml':
Invalid email "[email protected]" for person "marcela"
[0.168s] Level 1:colcon.colcon_core.package_identification:_identify(.) by extensions ['cmake', 'python']
[0.169s] Level 1:colcon.colcon_core.package_identification:_identify(.) by extension 'cmake'
[0.169s] Level 1:colcon.colcon_core.package_identification:_identify(.) by extension 'python'
[0.169s] DEBUG:colcon.colcon_core.package_identification:Python package in '.' passes arguments to the setup() function which requires a different identification extension than 'python'
[0.169s] Level 1:colcon.colcon_core.package_identification:_identify(.) by extensions ['python_setup_py']
[0.169s] Level 1:colcon.colcon_core.package_identification:_identify(.) by extension 'python_setup_py'
[0.322s] DEBUG:colcon.colcon_core.package_identification:Package '.' with type 'python' and name 'munna_teleop'
[0.322s] Level 1:colcon.colcon_core.package_discovery:discover_packages(recursive) using defaults
[0.322s] Level 1:colcon.colcon_core.package_discovery:discover_packages(ignore) discover
[0.322s] Level 1:colcon.colcon_core.package_discovery:discover_packages(ignore) using defaults
[0.322s] Level 1:colcon.colcon_core.package_discovery:discover_packages(path) discover
[0.322s] Level 1:colcon.colcon_core.package_discovery:discover_packages(path) using defaults
[0.341s] Level 1:colcon.colcon_core.package_discovery:discover_packages(prefix_path) check parameters
[0.341s] Level 1:colcon.colcon_core.package_discovery:discover_packages(prefix_path) discover
[0.342s] DEBUG:colcon.colcon_installed_package_information.package_discovery:Found 5 installed packages in /home/fairytale/ros2_ws/install
[0.342s] DEBUG:colcon.colcon_installed_package_information.package_discovery:Found 367 installed packages in /opt/ros/humble
[0.344s] Level 1:colcon.colcon_core.package_discovery:discover_packages(prefix_path) using defaults
[0.370s] Level 5:colcon.colcon_core.verb:set package 'munna_teleop' build argument 'cmake_args' from command line to 'None'
[0.370s] Level 5:colcon.colcon_core.verb:set package 'munna_teleop' build argument 'cmake_target' from command line to 'None'
[0.370s] Level 5:colcon.colcon_core.verb:set package 'munna_teleop' build argument 'cmake_target_skip_unavailable' from command line to 'False'
[0.370s] Level 5:colcon.colcon_core.verb:set package 'munna_teleop' build argument 'cmake_clean_cache' from command line to 'False'
[0.370s] Level 5:colcon.colcon_core.verb:set package 'munna_teleop' build argument 'cmake_clean_first' from command line to 'False'
[0.370s] Level 5:colcon.colcon_core.verb:set package 'munna_teleop' build argument 'cmake_force_configure' from command line to 'False'
[0.370s] Level 5:colcon.colcon_core.verb:set package 'munna_teleop' build argument 'ament_cmake_args' from command line to 'None'
[0.370s] Level 5:colcon.colcon_core.verb:set package 'munna_teleop' build argument 'catkin_cmake_args' from command line to 'None'
[0.370s] Level 5:colcon.colcon_core.verb:set package 'munna_teleop' build argument 'catkin_skip_building_tests' from command line to 'False'
[0.370s] DEBUG:colcon.colcon_core.verb:Building package 'munna_teleop' with the following arguments: {'ament_cmake_args': None, 'build_base': '/home/fairytale/ros2_ws/src/munna_teleop/build/munna_teleop', 'catkin_cmake_args': None, 'catkin_skip_building_tests': False, 'cmake_args': None, 'cmake_clean_cache': False, 'cmake_clean_first': False, 'cmake_force_configure': False, 'cmake_target': None, 'cmake_target_skip_unavailable': False, 'install_base': '/home/fairytale/ros2_ws/src/munna_teleop/install/munna_teleop', 'merge_install': False, 'path': '/home/fairytale/ros2_ws/src/munna_teleop', 'symlink_install': False, 'test_result_base': None}
[0.370s] INFO:colcon.colcon_core.executor:Executing jobs using 'parallel' executor
[0.371s] DEBUG:colcon.colcon_parallel_executor.executor.parallel:run_until_complete
[0.371s] INFO:colcon.colcon_core.task.python.build:Building Python package in '/home/fairytale/ros2_ws/src/munna_teleop'
[0.372s] INFO:colcon.colcon_core.plugin_system:Skipping extension 'colcon_core.shell.bat': Not used on non-Windows systems
[0.373s] INFO:colcon.colcon_core.shell:Skip shell extension 'powershell' for command environment: Not usable outside of PowerShell
[0.373s] DEBUG:colcon.colcon_core.shell:Skip shell extension 'dsv' for command environment
[0.726s] DEBUG:colcon.colcon_core.event_handler.log_command:Invoking command in '/home/fairytale/ros2_ws/src/munna_teleop': PYTHONPATH=/home/fairytale/ros2_ws/src/munna_teleop/build/munna_teleop/prefix_override:/usr/lib/python3/dist-packages/colcon_core/task/python/colcon_distutils_commands:/home/fairytale/ros2_ws/src/munna_teleop/install/munna_teleop/lib/python3.10/site-packages:${PYTHONPATH} /usr/bin/python3 -W ignore:setup.py install is deprecated -W ignore:easy_install command is deprecated setup.py egg_info --egg-base build/munna_teleop build --build-base /home/fairytale/ros2_ws/src/munna_teleop/build/munna_teleop/build install --record /home/fairytale/ros2_ws/src/munna_teleop/build/munna_teleop/install.log --single-version-externally-managed install_data
[0.909s] DEBUG:colcon.colcon_core.event_handler.log_command:Invoked command in '/home/fairytale/ros2_ws/src/munna_teleop' returned '0': PYTHONPATH=/home/fairytale/ros2_ws/src/munna_teleop/build/munna_teleop/prefix_override:/usr/lib/python3/dist-packages/colcon_core/task/python/colcon_distutils_commands:/home/fairytale/ros2_ws/src/munna_teleop/install/munna_teleop/lib/python3.10/site-packages:${PYTHONPATH} /usr/bin/python3 -W ignore:setup.py install is deprecated -W ignore:easy_install command is deprecated setup.py egg_info --egg-base build/munna_teleop build --build-base /home/fairytale/ros2_ws/src/munna_teleop/build/munna_teleop/build install --record /home/fairytale/ros2_ws/src/munna_teleop/build/munna_teleop/install.log --single-version-externally-managed install_data
[0.911s] Level 1:colcon.colcon_core.environment:checking '/home/fairytale/ros2_ws/src/munna_teleop/install/munna_teleop' for CMake module files
[0.911s] Level 1:colcon.colcon_core.environment:checking '/home/fairytale/ros2_ws/src/munna_teleop/install/munna_teleop' for CMake config files
[0.912s] Level 1:colcon.colcon_core.environment:checking '/home/fairytale/ros2_ws/src/munna_teleop/install/munna_teleop/lib'
[0.912s] Level 1:colcon.colcon_core.environment:checking '/home/fairytale/ros2_ws/src/munna_teleop/install/munna_teleop/bin'
[0.912s] Level 1:colcon.colcon_core.environment:checking '/home/fairytale/ros2_ws/src/munna_teleop/install/munna_teleop/lib/pkgconfig/munna_teleop.pc'
[0.913s] Level 1:colcon.colcon_core.environment:checking '/home/fairytale/ros2_ws/src/munna_teleop/install/munna_teleop/lib/python3.10/site-packages'
[0.913s] Level 1:colcon.colcon_core.shell:create_environment_hook('munna_teleop', 'pythonpath')
[0.913s] INFO:colcon.colcon_core.shell:Creating environment hook '/home/fairytale/ros2_ws/src/munna_teleop/install/munna_teleop/share/munna_teleop/hook/pythonpath.ps1'
[0.914s] INFO:colcon.colcon_core.shell:Creating environment descriptor '/home/fairytale/ros2_ws/src/munna_teleop/install/munna_teleop/share/munna_teleop/hook/pythonpath.dsv'
[0.914s] INFO:colcon.colcon_core.shell:Creating environment hook '/home/fairytale/ros2_ws/src/munna_teleop/install/munna_teleop/share/munna_teleop/hook/pythonpath.sh'
[0.914s] Level 1:colcon.colcon_core.environment:checking '/home/fairytale/ros2_ws/src/munna_teleop/install/munna_teleop/bin'
[0.914s] Level 1:colcon.colcon_core.environment:create_environment_scripts_only(munna_teleop)
[0.915s] INFO:colcon.colcon_core.shell:Creating package script '/home/fairytale/ros2_ws/src/munna_teleop/install/munna_teleop/share/munna_teleop/package.ps1'
[0.915s] INFO:colcon.colcon_core.shell:Creating package descriptor '/home/fairytale/ros2_ws/src/munna_teleop/install/munna_teleop/share/munna_teleop/package.dsv'
[0.915s] INFO:colcon.colcon_core.shell:Creating package script '/home/fairytale/ros2_ws/src/munna_teleop/install/munna_teleop/share/munna_teleop/package.sh'
[0.916s] INFO:colcon.colcon_core.shell:Creating package script '/home/fairytale/ros2_ws/src/munna_teleop/install/munna_teleop/share/munna_teleop/package.bash'
[0.916s] INFO:colcon.colcon_core.shell:Creating package script '/home/fairytale/ros2_ws/src/munna_teleop/install/munna_teleop/share/munna_teleop/package.zsh'
[0.916s] Level 1:colcon.colcon_core.environment:create_file_with_runtime_dependencies(/home/fairytale/ros2_ws/src/munna_teleop/install/munna_teleop/share/colcon-core/packages/munna_teleop)
[0.917s] DEBUG:colcon.colcon_parallel_executor.executor.parallel:closing loop
[0.917s] DEBUG:colcon.colcon_parallel_executor.executor.parallel:loop closed
[0.917s] DEBUG:colcon.colcon_parallel_executor.executor.parallel:run_until_complete finished with '0'
[0.917s] DEBUG:colcon.colcon_core.event_reactor:joining thread
[0.922s] INFO:colcon.colcon_core.plugin_system:Skipping extension 'colcon_notification.desktop_notification.terminal_notifier': Not used on non-Darwin systems
[0.922s] INFO:colcon.colcon_core.plugin_system:Skipping extension 'colcon_notification.desktop_notification.win32': Not used on non-Windows systems
[0.922s] INFO:colcon.colcon_notification.desktop_notification:Sending desktop notification using 'notify2'
[0.932s] DEBUG:colcon.colcon_core.event_reactor:joined thread
[0.932s] INFO:colcon.colcon_core.shell:Creating prefix script '/home/fairytale/ros2_ws/src/munna_teleop/install/local_setup.ps1'
[0.933s] INFO:colcon.colcon_core.shell:Creating prefix util module '/home/fairytale/ros2_ws/src/munna_teleop/install/_local_setup_util_ps1.py'
[0.934s] INFO:colcon.colcon_core.shell:Creating prefix chain script '/home/fairytale/ros2_ws/src/munna_teleop/install/setup.ps1'
[0.935s] INFO:colcon.colcon_core.shell:Creating prefix script '/home/fairytale/ros2_ws/src/munna_teleop/install/local_setup.sh'
[0.935s] INFO:colcon.colcon_core.shell:Creating prefix util module '/home/fairytale/ros2_ws/src/munna_teleop/install/_local_setup_util_sh.py'
[0.936s] INFO:colcon.colcon_core.shell:Creating prefix chain script '/home/fairytale/ros2_ws/src/munna_teleop/install/setup.sh'
[0.936s] INFO:colcon.colcon_core.shell:Creating prefix script '/home/fairytale/ros2_ws/src/munna_teleop/install/local_setup.bash'
[0.937s] INFO:colcon.colcon_core.shell:Creating prefix chain script '/home/fairytale/ros2_ws/src/munna_teleop/install/setup.bash'
[0.937s] INFO:colcon.colcon_core.shell:Creating prefix script '/home/fairytale/ros2_ws/src/munna_teleop/install/local_setup.zsh'
[0.937s] INFO:colcon.colcon_core.shell:Creating prefix chain script '/home/fairytale/ros2_ws/src/munna_teleop/install/setup.zsh'
